<?xml version="1.0" encoding="UTF-8"?>
<testsuite name="SqueakyCleanTest" tests="10" skipped="0" failures="10" errors="0" timestamp="2022-01-15T16:38:16" hostname="DESKTOP-9GKQQA8" time="0.401">
  <properties/>
  <testcase name="omit_lower_case_greek_letters" classname="SqueakyCleanTest" time="0.009">
    <failure message="java.lang.StackOverflowError" type="java.lang.StackOverflowError">java.lang.StackOverflowError
	at SqueakyClean.clean(SqueakyClean.java:6)
	at SqueakyClean.clean(SqueakyClean.java:6)
	at SqueakyClean.clean(SqueakyClean.java:6)
	at SqueakyClean.clean(SqueakyClean.java:6)
	at SqueakyClean.clean(SqueakyClean.java:6)
	at SqueakyClean.clean(SqueakyClean.java:6)
	at SqueakyClean.clean(SqueakyClean.java:6)
	at SqueakyClean.clean(SqueakyClean.java:6)
	at SqueakyClean.clean(SqueakyClean.java:6)
	at SqueakyClean.clean(SqueakyClean.java:6)
	at SqueakyClean.clean(SqueakyClean.java:6)
	at SqueakyClean.clean(SqueakyClean.java:6)
	at SqueakyClean.clean(SqueakyClean.java:6)
	at SqueakyClean.clean(SqueakyClean.java:6)
	at SqueakyClean.clean(SqueakyClean.java:6)
	at SqueakyClean.clean(SqueakyClean.java:6)
	at SqueakyClean.clean(SqueakyClean.java:6)
	at SqueakyClean.clean(SqueakyClean.java:6)
	at SqueakyClean.clean(SqueakyClean.java:6)
	at SqueakyClean.clean(SqueakyClean.java:6)
	at SqueakyClean.clean(SqueakyClean.java:6)
	at SqueakyClean.clean(SqueakyClean.java:6)
	at SqueakyClean.clean(SqueakyClean.java:6)
	at SqueakyClean.clean(SqueakyClean.java:6)
	at SqueakyClean.clean(SqueakyClean.java:6)
	at SqueakyClean.clean(SqueakyClean.java:6)
	at SqueakyClean.clean(SqueakyClean.java:6)
	at SqueakyClean.clean(SqueakyClean.java:6)
	at SqueakyClean.clean(SqueakyClean.java:6)
	at SqueakyClean.clean(SqueakyClean.java:6)
	at SqueakyClean.clean(SqueakyClean.java:6)
	at SqueakyClean.clean(SqueakyClean.java:6)
	at SqueakyClean.clean(SqueakyClean.java:6)
	at SqueakyClean.clean(SqueakyClean.java:6)
	at SqueakyClean.clean(SqueakyClean.java:6)
	at SqueakyClean.clean(SqueakyClean.java:6)
	at SqueakyClean.clean(SqueakyClean.java:6)
	at SqueakyClean.clean(SqueakyClean.java:6)
	at SqueakyClean.clean(SqueakyClean.java:6)
	at SqueakyClean.clean(SqueakyClean.java:6)
	at SqueakyClean.clean(SqueakyClean.java:6)
	at SqueakyClean.clean(SqueakyClean.java:6)
	at SqueakyClean.clean(SqueakyClean.java:6)
	at SqueakyClean.clean(SqueakyClean.java:6)
	at SqueakyClean.clean(SqueakyClean.java:6)
	at SqueakyClean.clean(SqueakyClean.java:6)
	at SqueakyClean.clean(SqueakyClean.java:6)
	at SqueakyClean.clean(SqueakyClean.java:6)
	at SqueakyClean.clean(SqueakyClean.java:6)
	at SqueakyClean.clean(SqueakyClean.java:6)
	at SqueakyClean.clean(SqueakyClean.java:6)
	at SqueakyClean.clean(SqueakyClean.java:6)
	at SqueakyClean.clean(SqueakyClean.java:6)
	at SqueakyClean.clean(SqueakyClean.java:6)
	at SqueakyClean.clean(SqueakyClean.java:6)
	at SqueakyClean.clean(SqueakyClean.java:6)
	at SqueakyClean.clean(SqueakyClean.java:6)
	at SqueakyClean.clean(SqueakyClean.java:6)
	at SqueakyClean.clean(SqueakyClean.java:6)
	at SqueakyClean.clean(SqueakyClean.java:6)
	at SqueakyClean.clean(SqueakyClean.java:6)
	at SqueakyClean.clean(SqueakyClean.java:6)
	at SqueakyClean.clean(SqueakyClean.java:6)
	at SqueakyClean.clean(SqueakyClean.java:6)
	at SqueakyClean.clean(SqueakyClean.java:6)
	at SqueakyClean.clean(SqueakyClean.java:6)
	at SqueakyClean.clean(SqueakyClean.java:6)
	at SqueakyClean.clean(SqueakyClean.java:6)
	at SqueakyClean.clean(SqueakyClean.java:6)
	at SqueakyClean.clean(SqueakyClean.java:6)
	at SqueakyClean.clean(SqueakyClean.java:6)
	at SqueakyClean.clean(SqueakyClean.java:6)
	at SqueakyClean.clean(SqueakyClean.java:6)
	at SqueakyClean.clean(SqueakyClean.java:6)
	at SqueakyClean.clean(SqueakyClean.java:6)
	at SqueakyClean.clean(SqueakyClean.java:6)
	at SqueakyClean.clean(SqueakyClean.java:6)
	at SqueakyClean.clean(SqueakyClean.java:6)
	at SqueakyClean.clean(SqueakyClean.java:6)
	at SqueakyClean.clean(SqueakyClean.java:6)
	at SqueakyClean.clean(SqueakyClean.java:6)
	at SqueakyClean.clean(SqueakyClean.java:6)
	at SqueakyClean.clean(SqueakyClean.java:6)
	at SqueakyClean.clean(SqueakyClean.java:6)
	at SqueakyClean.clean(SqueakyClean.java:6)
	at SqueakyClean.clean(SqueakyClean.java:6)
	at SqueakyClean.clean(SqueakyClean.java:6)
	at SqueakyClean.clean(SqueakyClean.java:6)
	at SqueakyClean.clean(SqueakyClean.java:6)
	at SqueakyClean.clean(SqueakyClean.java:6)
	at SqueakyClean.clean(SqueakyClean.java:6)
	at SqueakyClean.clean(SqueakyClean.java:6)
	at SqueakyClean.clean(SqueakyClean.java:6)
	at SqueakyClean.clean(SqueakyClean.java:6)
	at SqueakyClean.clean(SqueakyClean.java:6)
	at SqueakyClean.clean(SqueakyClean.java:6)
	at SqueakyClean.clean(SqueakyClean.java:6)
	at SqueakyClean.clean(SqueakyClean.java:6)
	at SqueakyClean.clean(SqueakyClean.java:6)
	at SqueakyClean.clean(SqueakyClean.java:6)
	at SqueakyClean.clean(SqueakyClean.java:6)
	at SqueakyClean.clean(SqueakyClean.java:6)
	at SqueakyClean.clean(SqueakyClean.java:6)
	at SqueakyClean.clean(SqueakyClean.java:6)
	at SqueakyClean.clean(SqueakyClean.java:6)
	at SqueakyClean.clean(SqueakyClean.java:6)
	at SqueakyClean.clean(SqueakyClean.java:6)
	at SqueakyClean.clean(SqueakyClean.java:6)
	at SqueakyClean.clean(SqueakyClean.java:6)
	at SqueakyClean.clean(SqueakyClean.java:6)
	at SqueakyClean.clean(SqueakyClean.java:6)
	at SqueakyClean.clean(SqueakyClean.java:6)
	at SqueakyClean.clean(SqueakyClean.java:6)
	at SqueakyClean.clean(SqueakyClean.java:6)
	at SqueakyClean.clean(SqueakyClean.java:6)
	at SqueakyClean.clean(SqueakyClean.java:6)
	at SqueakyClean.clean(SqueakyClean.java:6)
	at SqueakyClean.clean(SqueakyClean.java:6)
	at SqueakyClean.clean(SqueakyClean.java:6)
	at SqueakyClean.clean(SqueakyClean.java:6)
	at SqueakyClean.clean(SqueakyClean.java:6)
	at SqueakyClean.clean(SqueakyClean.java:6)
	at SqueakyClean.clean(SqueakyClean.java:6)
	at SqueakyClean.clean(SqueakyClean.java:6)
	at SqueakyClean.clean(SqueakyClean.java:6)
	at SqueakyClean.clean(SqueakyClean.java:6)
	at SqueakyClean.clean(SqueakyClean.java:6)
	at SqueakyClean.clean(SqueakyClean.java:6)
	at SqueakyClean.clean(SqueakyClean.java:6)
	at SqueakyClean.clean(SqueakyClean.java:6)
	at SqueakyClean.clean(SqueakyClean.java:6)
	at SqueakyClean.clean(SqueakyClean.java:6)
	at SqueakyClean.clean(SqueakyClean.java:6)
	at SqueakyClean.clean(SqueakyClean.java:6)
	at SqueakyClean.clean(SqueakyClean.java:6)
	at SqueakyClean.clean(SqueakyClean.java:6)
	at SqueakyClean.clean(SqueakyClean.java:6)
	at SqueakyClean.clean(SqueakyClean.java:6)
	at SqueakyClean.clean(SqueakyClean.java:6)
	at SqueakyClean.clean(SqueakyClean.java:6)
	at SqueakyClean.clean(SqueakyClean.java:6)
	at SqueakyClean.clean(SqueakyClean.java:6)
	at SqueakyClean.clean(SqueakyClean.java:6)
	at SqueakyClean.clean(SqueakyClean.java:6)
	at SqueakyClean.clean(SqueakyClean.java:6)
	at SqueakyClean.clean(SqueakyClean.java:6)
	at SqueakyClean.clean(SqueakyClean.java:6)
	at SqueakyClean.clean(SqueakyClean.java:6)
	at SqueakyClean.clean(SqueakyClean.java:6)
	at SqueakyClean.clean(SqueakyClean.java:6)
	at SqueakyClean.clean(SqueakyClean.java:6)
	at SqueakyClean.clean(SqueakyClean.java:6)
	at SqueakyClean.clean(SqueakyClean.java:6)
	at SqueakyClean.clean(SqueakyClean.java:6)
	at SqueakyClean.clean(SqueakyClean.java:6)
	at SqueakyClean.clean(SqueakyClean.java:6)
	at SqueakyClean.clean(SqueakyClean.java:6)
	at SqueakyClean.clean(SqueakyClean.java:6)
	at SqueakyClean.clean(SqueakyClean.java:6)
	at SqueakyClean.clean(SqueakyClean.java:6)
	at SqueakyClean.clean(SqueakyClean.java:6)
	at SqueakyClean.clean(SqueakyClean.java:6)
	at SqueakyClean.clean(SqueakyClean.java:6)
	at SqueakyClean.clean(SqueakyClean.java:6)
	at SqueakyClean.clean(SqueakyClean.java:6)
	at SqueakyClean.clean(SqueakyClean.java:6)
	at SqueakyClean.clean(SqueakyClean.java:6)
	at SqueakyClean.clean(SqueakyClean.java:6)
	at SqueakyClean.clean(SqueakyClean.java:6)
	at SqueakyClean.clean(SqueakyClean.java:6)
	at SqueakyClean.clean(SqueakyClean.java:6)
	at SqueakyClean.clean(SqueakyClean.java:6)
	at SqueakyClean.clean(SqueakyClean.java:6)
	at SqueakyClean.clean(SqueakyClean.java:6)
	at SqueakyClean.clean(SqueakyClean.java:6)
	at SqueakyClean.clean(SqueakyClean.java:6)
	at SqueakyClean.clean(SqueakyClean.java:6)
	at SqueakyClean.clean(SqueakyClean.java:6)
	at SqueakyClean.clean(SqueakyClean.java:6)
	at SqueakyClean.clean(SqueakyClean.java:6)
	at SqueakyClean.clean(SqueakyClean.java:6)
	at SqueakyClean.clean(SqueakyClean.java:6)
	at SqueakyClean.clean(SqueakyClean.java:6)
	at SqueakyClean.clean(SqueakyClean.java:6)
	at SqueakyClean.clean(SqueakyClean.java:6)
	at SqueakyClean.clean(SqueakyClean.java:6)
	at SqueakyClean.clean(SqueakyClean.java:6)
	at SqueakyClean.clean(SqueakyClean.java:6)
	at SqueakyClean.clean(SqueakyClean.java:6)
	at SqueakyClean.clean(SqueakyClean.java:6)
	at SqueakyClean.clean(SqueakyClean.java:6)
	at SqueakyClean.clean(SqueakyClean.java:6)
	at SqueakyClean.clean(SqueakyClean.java:6)
	at SqueakyClean.clean(SqueakyClean.java:6)
	at SqueakyClean.clean(SqueakyClean.java:6)
	at SqueakyClean.clean(SqueakyClean.java:6)
	at SqueakyClean.clean(SqueakyClean.java:6)
	at SqueakyClean.clean(SqueakyClean.java:6)
	at SqueakyClean.clean(SqueakyClean.java:6)
	at SqueakyClean.clean(SqueakyClean.java:6)
	at SqueakyClean.clean(SqueakyClean.java:6)
	at SqueakyClean.clean(SqueakyClean.java:6)
	at SqueakyClean.clean(SqueakyClean.java:6)
	at SqueakyClean.clean(SqueakyClean.java:6)
	at SqueakyClean.clean(SqueakyClean.java:6)
	at SqueakyClean.clean(SqueakyClean.java:6)
	at SqueakyClean.clean(SqueakyClean.java:6)
	at SqueakyClean.clean(SqueakyClean.java:6)
	at SqueakyClean.clean(SqueakyClean.java:6)
	at SqueakyClean.clean(SqueakyClean.java:6)
	at SqueakyClean.clean(SqueakyClean.java:6)
	at SqueakyClean.clean(SqueakyClean.java:6)
	at SqueakyClean.clean(SqueakyClean.java:6)
	at SqueakyClean.clean(SqueakyClean.java:6)
	at SqueakyClean.clean(SqueakyClean.java:6)
	at SqueakyClean.clean(SqueakyClean.java:6)
	at SqueakyClean.clean(SqueakyClean.java:6)
	at SqueakyClean.clean(SqueakyClean.java:6)
	at SqueakyClean.clean(SqueakyClean.java:6)
	at SqueakyClean.clean(SqueakyClean.java:6)
	at SqueakyClean.clean(SqueakyClean.java:6)
	at SqueakyClean.clean(SqueakyClean.java:6)
	at SqueakyClean.clean(SqueakyClean.java:6)
	at SqueakyClean.clean(SqueakyClean.java:6)
	at SqueakyClean.clean(SqueakyClean.java:6)
	at SqueakyClean.clean(SqueakyClean.java:6)
	at SqueakyClean.clean(SqueakyClean.java:6)
	at SqueakyClean.clean(SqueakyClean.java:6)
	at SqueakyClean.clean(SqueakyClean.java:6)
	at SqueakyClean.clean(SqueakyClean.java:6)
	at SqueakyClean.clean(SqueakyClean.java:6)
	at SqueakyClean.clean(SqueakyClean.java:6)
	at SqueakyClean.clean(SqueakyClean.java:6)
	at SqueakyClean.clean(SqueakyClean.java:6)
	at SqueakyClean.clean(SqueakyClean.java:6)
	at SqueakyClean.clean(SqueakyClean.java:6)
	at SqueakyClean.clean(SqueakyClean.java:6)
	at SqueakyClean.clean(SqueakyClean.java:6)
	at SqueakyClean.clean(SqueakyClean.java:6)
	at SqueakyClean.clean(SqueakyClean.java:6)
	at SqueakyClean.clean(SqueakyClean.java:6)
	at SqueakyClean.clean(SqueakyClean.java:6)
	at SqueakyClean.clean(SqueakyClean.java:6)
	at SqueakyClean.clean(SqueakyClean.java:6)
	at SqueakyClean.clean(SqueakyClean.java:6)
	at SqueakyClean.clean(SqueakyClean.java:6)
	at SqueakyClean.clean(SqueakyClean.java:6)
	at SqueakyClean.clean(SqueakyClean.java:6)
	at SqueakyClean.clean(SqueakyClean.java:6)
	at SqueakyClean.clean(SqueakyClean.java:6)
	at SqueakyClean.clean(SqueakyClean.java:6)
	at SqueakyClean.clean(SqueakyClean.java:6)
	at SqueakyClean.clean(SqueakyClean.java:6)
	at SqueakyClean.clean(SqueakyClean.java:6)
	at SqueakyClean.clean(SqueakyClean.java:6)
	at SqueakyClean.clean(SqueakyClean.java:6)
	at SqueakyClean.clean(SqueakyClean.java:6)
	at SqueakyClean.clean(SqueakyClean.java:6)
	at SqueakyClean.clean(SqueakyClean.java:6)
	at SqueakyClean.clean(SqueakyClean.java:6)
	at SqueakyClean.clean(SqueakyClean.java:6)
	at SqueakyClean.clean(SqueakyClean.java:6)
	at SqueakyClean.clean(SqueakyClean.java:6)
	at SqueakyClean.clean(SqueakyClean.java:6)
	at SqueakyClean.clean(SqueakyClean.java:6)
	at SqueakyClean.clean(SqueakyClean.java:6)
	at SqueakyClean.clean(SqueakyClean.java:6)
	at SqueakyClean.clean(SqueakyClean.java:6)
	at SqueakyClean.clean(SqueakyClean.java:6)
	at SqueakyClean.clean(SqueakyClean.java:6)
	at SqueakyClean.clean(SqueakyClean.java:6)
	at SqueakyClean.clean(SqueakyClean.java:6)
	at SqueakyClean.clean(SqueakyClean.java:6)
	at SqueakyClean.clean(SqueakyClean.java:6)
	at SqueakyClean.clean(SqueakyClean.java:6)
	at SqueakyClean.clean(SqueakyClean.java:6)
	at SqueakyClean.clean(SqueakyClean.java:6)
	at SqueakyClean.clean(SqueakyClean.java:6)
	at SqueakyClean.clean(SqueakyClean.java:6)
	at SqueakyClean.clean(SqueakyClean.java:6)
	at SqueakyClean.clean(SqueakyClean.java:6)
	at SqueakyClean.clean(SqueakyClean.java:6)
	at SqueakyClean.clean(SqueakyClean.java:6)
	at SqueakyClean.clean(SqueakyClean.java:6)
	at SqueakyClean.clean(SqueakyClean.java:6)
	at SqueakyClean.clean(SqueakyClean.java:6)
	at SqueakyClean.clean(SqueakyClean.java:6)
	at SqueakyClean.clean(SqueakyClean.java:6)
	at SqueakyClean.clean(SqueakyClean.java:6)
	at SqueakyClean.clean(SqueakyClean.java:6)
	at SqueakyClean.clean(SqueakyClean.java:6)
	at SqueakyClean.clean(SqueakyClean.java:6)
	at SqueakyClean.clean(SqueakyClean.java:6)
	at SqueakyClean.clean(SqueakyClean.java:6)
	at SqueakyClean.clean(SqueakyClean.java:6)
	at SqueakyClean.clean(SqueakyClean.java:6)
	at SqueakyClean.clean(SqueakyClean.java:6)
	at SqueakyClean.clean(SqueakyClean.java:6)
	at SqueakyClean.clean(SqueakyClean.java:6)
	at SqueakyClean.clean(SqueakyClean.java:6)
	at SqueakyClean.clean(SqueakyClean.java:6)
	at SqueakyClean.clean(SqueakyClean.java:6)
	at SqueakyClean.clean(SqueakyClean.java:6)
	at SqueakyClean.clean(SqueakyClean.java:6)
	at SqueakyClean.clean(SqueakyClean.java:6)
	at SqueakyClean.clean(SqueakyClean.java:6)
	at SqueakyClean.clean(SqueakyClean.java:6)
	at SqueakyClean.clean(SqueakyClean.java:6)
	at SqueakyClean.clean(SqueakyClean.java:6)
	at SqueakyClean.clean(SqueakyClean.java:6)
	at SqueakyClean.clean(SqueakyClean.java:6)
	at SqueakyClean.clean(SqueakyClean.java:6)
	at SqueakyClean.clean(SqueakyClean.java:6)
	at SqueakyClean.clean(SqueakyClean.java:6)
	at SqueakyClean.clean(SqueakyClean.java:6)
	at SqueakyClean.clean(SqueakyClean.java:6)
	at SqueakyClean.clean(SqueakyClean.java:6)
	at SqueakyClean.clean(SqueakyClean.java:6)
	at SqueakyClean.clean(SqueakyClean.java:6)
	at SqueakyClean.clean(SqueakyClean.java:6)
	at SqueakyClean.clean(SqueakyClean.java:6)
	at SqueakyClean.clean(SqueakyClean.java:6)
	at SqueakyClean.clean(SqueakyClean.java:6)
	at SqueakyClean.clean(SqueakyClean.java:6)
	at SqueakyClean.clean(SqueakyClean.java:6)
	at SqueakyClean.clean(SqueakyClean.java:6)
	at SqueakyClean.clean(SqueakyClean.java:6)
	at SqueakyClean.clean(SqueakyClean.java:6)
	at SqueakyClean.clean(SqueakyClean.java:6)
	at SqueakyClean.clean(SqueakyClean.java:6)
	at SqueakyClean.clean(SqueakyClean.java:6)
	at SqueakyClean.clean(SqueakyClean.java:6)
	at SqueakyClean.clean(SqueakyClean.java:6)
	at SqueakyClean.clean(SqueakyClean.java:6)
	at SqueakyClean.clean(SqueakyClean.java:6)
	at SqueakyClean.clean(SqueakyClean.java:6)
	at SqueakyClean.clean(SqueakyClean.java:6)
	at SqueakyClean.clean(SqueakyClean.java:6)
	at SqueakyClean.clean(SqueakyClean.java:6)
	at SqueakyClean.clean(SqueakyClean.java:6)
	at SqueakyClean.clean(SqueakyClean.java:6)
	at SqueakyClean.clean(SqueakyClean.java:6)
	at SqueakyClean.clean(SqueakyClean.java:6)
	at SqueakyClean.clean(SqueakyClean.java:6)
	at SqueakyClean.clean(SqueakyClean.java:6)
	at SqueakyClean.clean(SqueakyClean.java:6)
	at SqueakyClean.clean(SqueakyClean.java:6)
	at SqueakyClean.clean(SqueakyClean.java:6)
	at SqueakyClean.clean(SqueakyClean.java:6)
	at SqueakyClean.clean(SqueakyClean.java:6)
	at SqueakyClean.clean(SqueakyClean.java:6)
	at SqueakyClean.clean(SqueakyClean.java:6)
	at SqueakyClean.clean(SqueakyClean.java:6)
	at SqueakyClean.clean(SqueakyClean.java:6)
	at SqueakyClean.clean(SqueakyClean.java:6)
	at SqueakyClean.clean(SqueakyClean.java:6)
	at SqueakyClean.clean(SqueakyClean.java:6)
	at SqueakyClean.clean(SqueakyClean.java:6)
	at SqueakyClean.clean(SqueakyClean.java:6)
	at SqueakyClean.clean(SqueakyClean.java:6)
	at SqueakyClean.clean(SqueakyClean.java:6)
	at SqueakyClean.clean(SqueakyClean.java:6)
	at SqueakyClean.clean(SqueakyClean.java:6)
	at SqueakyClean.clean(SqueakyClean.java:6)
	at SqueakyClean.clean(SqueakyClean.java:6)
	at SqueakyClean.clean(SqueakyClean.java:6)
	at SqueakyClean.clean(SqueakyClean.java:6)
	at SqueakyClean.clean(SqueakyClean.java:6)
	at SqueakyClean.clean(SqueakyClean.java:6)
	at SqueakyClean.clean(SqueakyClean.java:6)
	at SqueakyClean.clean(SqueakyClean.java:6)
	at SqueakyClean.clean(SqueakyClean.java:6)
	at SqueakyClean.clean(SqueakyClean.java:6)
	at SqueakyClean.clean(SqueakyClean.java:6)
	at SqueakyClean.clean(SqueakyClean.java:6)
	at SqueakyClean.clean(SqueakyClean.java:6)
	at SqueakyClean.clean(SqueakyClean.java:6)
	at SqueakyClean.clean(SqueakyClean.java:6)
	at SqueakyClean.clean(SqueakyClean.java:6)
	at SqueakyClean.clean(SqueakyClean.java:6)
	at SqueakyClean.clean(SqueakyClean.java:6)
	at SqueakyClean.clean(SqueakyClean.java:6)
	at SqueakyClean.clean(SqueakyClean.java:6)
	at SqueakyClean.clean(SqueakyClean.java:6)
	at SqueakyClean.clean(SqueakyClean.java:6)
	at SqueakyClean.clean(SqueakyClean.java:6)
	at SqueakyClean.clean(SqueakyClean.java:6)
	at SqueakyClean.clean(SqueakyClean.java:6)
	at SqueakyClean.clean(SqueakyClean.java:6)
	at SqueakyClean.clean(SqueakyClean.java:6)
	at SqueakyClean.clean(SqueakyClean.java:6)
	at SqueakyClean.clean(SqueakyClean.java:6)
	at SqueakyClean.clean(SqueakyClean.java:6)
	at SqueakyClean.clean(SqueakyClean.java:6)
	at SqueakyClean.clean(SqueakyClean.java:6)
	at SqueakyClean.clean(SqueakyClean.java:6)
	at SqueakyClean.clean(SqueakyClean.java:6)
	at SqueakyClean.clean(SqueakyClean.java:6)
	at SqueakyClean.clean(SqueakyClean.java:6)
	at SqueakyClean.clean(SqueakyClean.java:6)
	at SqueakyClean.clean(SqueakyClean.java:6)
	at SqueakyClean.clean(SqueakyClean.java:6)
	at SqueakyClean.clean(SqueakyClean.java:6)
	at SqueakyClean.clean(SqueakyClean.java:6)
	at SqueakyClean.clean(SqueakyClean.java:6)
	at SqueakyClean.clean(SqueakyClean.java:6)
	at SqueakyClean.clean(SqueakyClean.java:6)
	at SqueakyClean.clean(SqueakyClean.java:6)
	at SqueakyClean.clean(SqueakyClean.java:6)
	at SqueakyClean.clean(SqueakyClean.java:6)
	at SqueakyClean.clean(SqueakyClean.java:6)
	at SqueakyClean.clean(SqueakyClean.java:6)
	at SqueakyClean.clean(SqueakyClean.java:6)
	at SqueakyClean.clean(SqueakyClean.java:6)
	at SqueakyClean.clean(SqueakyClean.java:6)
	at SqueakyClean.clean(SqueakyClean.java:6)
	at SqueakyClean.clean(SqueakyClean.java:6)
	at SqueakyClean.clean(SqueakyClean.java:6)
	at SqueakyClean.clean(SqueakyClean.java:6)
	at SqueakyClean.clean(SqueakyClean.java:6)
	at SqueakyClean.clean(SqueakyClean.java:6)
	at SqueakyClean.clean(SqueakyClean.java:6)
	at SqueakyClean.clean(SqueakyClean.java:6)
	at SqueakyClean.clean(SqueakyClean.java:6)
	at SqueakyClean.clean(SqueakyClean.java:6)
	at SqueakyClean.clean(SqueakyClean.java:6)
	at SqueakyClean.clean(SqueakyClean.java:6)
	at SqueakyClean.clean(SqueakyClean.java:6)
	at SqueakyClean.clean(SqueakyClean.java:6)
	at SqueakyClean.clean(SqueakyClean.java:6)
	at SqueakyClean.clean(SqueakyClean.java:6)
	at SqueakyClean.clean(SqueakyClean.java:6)
	at SqueakyClean.clean(SqueakyClean.java:6)
	at SqueakyClean.clean(SqueakyClean.java:6)
	at SqueakyClean.clean(SqueakyClean.java:6)
	at SqueakyClean.clean(SqueakyClean.java:6)
	at SqueakyClean.clean(SqueakyClean.java:6)
	at SqueakyClean.clean(SqueakyClean.java:6)
	at SqueakyClean.clean(SqueakyClean.java:6)
	at SqueakyClean.clean(SqueakyClean.java:6)
	at SqueakyClean.clean(SqueakyClean.java:6)
	at SqueakyClean.clean(SqueakyClean.java:6)
	at SqueakyClean.clean(SqueakyClean.java:6)
	at SqueakyClean.clean(SqueakyClean.java:6)
	at SqueakyClean.clean(SqueakyClean.java:6)
	at SqueakyClean.clean(SqueakyClean.java:6)
	at SqueakyClean.clean(SqueakyClean.java:6)
	at SqueakyClean.clean(SqueakyClean.java:6)
	at SqueakyClean.clean(SqueakyClean.java:6)
	at SqueakyClean.clean(SqueakyClean.java:6)
	at SqueakyClean.clean(SqueakyClean.java:6)
	at SqueakyClean.clean(SqueakyClean.java:6)
	at SqueakyClean.clean(SqueakyClean.java:6)
	at SqueakyClean.clean(SqueakyClean.java:6)
	at SqueakyClean.clean(SqueakyClean.java:6)
	at SqueakyClean.clean(SqueakyClean.java:6)
	at SqueakyClean.clean(SqueakyClean.java:6)
	at SqueakyClean.clean(SqueakyClean.java:6)
	at SqueakyClean.clean(SqueakyClean.java:6)
	at SqueakyClean.clean(SqueakyClean.java:6)
	at SqueakyClean.clean(SqueakyClean.java:6)
	at SqueakyClean.clean(SqueakyClean.java:6)
	at SqueakyClean.clean(SqueakyClean.java:6)
	at SqueakyClean.clean(SqueakyClean.java:6)
	at SqueakyClean.clean(SqueakyClean.java:6)
	at SqueakyClean.clean(SqueakyClean.java:6)
	at SqueakyClean.clean(SqueakyClean.java:6)
	at SqueakyClean.clean(SqueakyClean.java:6)
	at SqueakyClean.clean(SqueakyClean.java:6)
	at SqueakyClean.clean(SqueakyClean.java:6)
	at SqueakyClean.clean(SqueakyClean.java:6)
	at SqueakyClean.clean(SqueakyClean.java:6)
	at SqueakyClean.clean(SqueakyClean.java:6)
	at SqueakyClean.clean(SqueakyClean.java:6)
	at SqueakyClean.clean(SqueakyClean.java:6)
	at SqueakyClean.clean(SqueakyClean.java:6)
	at SqueakyClean.clean(SqueakyClean.java:6)
	at SqueakyClean.clean(SqueakyClean.java:6)
	at SqueakyClean.clean(SqueakyClean.java:6)
	at SqueakyClean.clean(SqueakyClean.java:6)
	at SqueakyClean.clean(SqueakyClean.java:6)
	at SqueakyClean.clean(SqueakyClean.java:6)
	at SqueakyClean.clean(SqueakyClean.java:6)
	at SqueakyClean.clean(SqueakyClean.java:6)
	at SqueakyClean.clean(SqueakyClean.java:6)
	at SqueakyClean.clean(SqueakyClean.java:6)
	at SqueakyClean.clean(SqueakyClean.java:6)
	at SqueakyClean.clean(SqueakyClean.java:6)
	at SqueakyClean.clean(SqueakyClean.java:6)
	at SqueakyClean.clean(SqueakyClean.java:6)
	at SqueakyClean.clean(SqueakyClean.java:6)
	at SqueakyClean.clean(SqueakyClean.java:6)
	at SqueakyClean.clean(SqueakyClean.java:6)
	at SqueakyClean.clean(SqueakyClean.java:6)
	at SqueakyClean.clean(SqueakyClean.java:6)
	at SqueakyClean.clean(SqueakyClean.java:6)
	at SqueakyClean.clean(SqueakyClean.java:6)
	at SqueakyClean.clean(SqueakyClean.java:6)
	at SqueakyClean.clean(SqueakyClean.java:6)
	at SqueakyClean.clean(SqueakyClean.java:6)
	at SqueakyClean.clean(SqueakyClean.java:6)
	at SqueakyClean.clean(SqueakyClean.java:6)
	at SqueakyClean.clean(SqueakyClean.java:6)
	at SqueakyClean.clean(SqueakyClean.java:6)
	at SqueakyClean.clean(SqueakyClean.java:6)
	at SqueakyClean.clean(SqueakyClean.java:6)
	at SqueakyClean.clean(SqueakyClean.java:6)
	at SqueakyClean.clean(SqueakyClean.java:6)
	at SqueakyClean.clean(SqueakyClean.java:6)
	at SqueakyClean.clean(SqueakyClean.java:6)
	at SqueakyClean.clean(SqueakyClean.java:6)
	at SqueakyClean.clean(SqueakyClean.java:6)
	at SqueakyClean.clean(SqueakyClean.java:6)
	at SqueakyClean.clean(SqueakyClean.java:6)
	at SqueakyClean.clean(SqueakyClean.java:6)
	at SqueakyClean.clean(SqueakyClean.java:6)
	at SqueakyClean.clean(SqueakyClean.java:6)
	at SqueakyClean.clean(SqueakyClean.java:6)
	at SqueakyClean.clean(SqueakyClean.java:6)
	at SqueakyClean.clean(SqueakyClean.java:6)
	at SqueakyClean.clean(SqueakyClean.java:6)
	at SqueakyClean.clean(SqueakyClean.java:6)
	at SqueakyClean.clean(SqueakyClean.java:6)
	at SqueakyClean.clean(SqueakyClean.java:6)
	at SqueakyClean.clean(SqueakyClean.java:6)
	at SqueakyClean.clean(SqueakyClean.java:6)
	at SqueakyClean.clean(SqueakyClean.java:6)
	at SqueakyClean.clean(SqueakyClean.java:6)
	at SqueakyClean.clean(SqueakyClean.java:6)
	at SqueakyClean.clean(SqueakyClean.java:6)
	at SqueakyClean.clean(SqueakyClean.java:6)
	at SqueakyClean.clean(SqueakyClean.java:6)
	at SqueakyClean.clean(SqueakyClean.java:6)
	at SqueakyClean.clean(SqueakyClean.java:6)
	at SqueakyClean.clean(SqueakyClean.java:6)
	at SqueakyClean.clean(SqueakyClean.java:6)
	at SqueakyClean.clean(SqueakyClean.java:6)
	at SqueakyClean.clean(SqueakyClean.java:6)
	at SqueakyClean.clean(SqueakyClean.java:6)
	at SqueakyClean.clean(SqueakyClean.java:6)
	at SqueakyClean.clean(SqueakyClean.java:6)
	at SqueakyClean.clean(SqueakyClean.java:6)
	at SqueakyClean.clean(SqueakyClean.java:6)
	at SqueakyClean.clean(SqueakyClean.java:6)
	at SqueakyClean.clean(SqueakyClean.java:6)
	at SqueakyClean.clean(SqueakyClean.java:6)
	at SqueakyClean.clean(SqueakyClean.java:6)
	at SqueakyClean.clean(SqueakyClean.java:6)
	at SqueakyClean.clean(SqueakyClean.java:6)
	at SqueakyClean.clean(SqueakyClean.java:6)
	at SqueakyClean.clean(SqueakyClean.java:6)
	at SqueakyClean.clean(SqueakyClean.java:6)
	at SqueakyClean.clean(SqueakyClean.java:6)
	at SqueakyClean.clean(SqueakyClean.java:6)
	at SqueakyClean.clean(SqueakyClean.java:6)
	at SqueakyClean.clean(SqueakyClean.java:6)
	at SqueakyClean.clean(SqueakyClean.java:6)
	at SqueakyClean.clean(SqueakyClean.java:6)
	at SqueakyClean.clean(SqueakyClean.java:6)
	at SqueakyClean.clean(SqueakyClean.java:6)
	at SqueakyClean.clean(SqueakyClean.java:6)
	at SqueakyClean.clean(SqueakyClean.java:6)
	at SqueakyClean.clean(SqueakyClean.java:6)
	at SqueakyClean.clean(SqueakyClean.java:6)
	at SqueakyClean.clean(SqueakyClean.java:6)
	at SqueakyClean.clean(SqueakyClean.java:6)
	at SqueakyClean.clean(SqueakyClean.java:6)
	at SqueakyClean.clean(SqueakyClean.java:6)
	at SqueakyClean.clean(SqueakyClean.java:6)
	at SqueakyClean.clean(SqueakyClean.java:6)
	at SqueakyClean.clean(SqueakyClean.java:6)
	at SqueakyClean.clean(SqueakyClean.java:6)
	at SqueakyClean.clean(SqueakyClean.java:6)
	at SqueakyClean.clean(SqueakyClean.java:6)
	at SqueakyClean.clean(SqueakyClean.java:6)
	at SqueakyClean.clean(SqueakyClean.java:6)
	at SqueakyClean.clean(SqueakyClean.java:6)
	at SqueakyClean.clean(SqueakyClean.java:6)
	at SqueakyClean.clean(SqueakyClean.java:6)
	at SqueakyClean.clean(SqueakyClean.java:6)
	at SqueakyClean.clean(SqueakyClean.java:6)
	at SqueakyClean.clean(SqueakyClean.java:6)
	at SqueakyClean.clean(SqueakyClean.java:6)
	at SqueakyClean.clean(SqueakyClean.java:6)
	at SqueakyClean.clean(SqueakyClean.java:6)
	at SqueakyClean.clean(SqueakyClean.java:6)
	at SqueakyClean.clean(SqueakyClean.java:6)
	at SqueakyClean.clean(SqueakyClean.java:6)
	at SqueakyClean.clean(SqueakyClean.java:6)
	at SqueakyClean.clean(SqueakyClean.java:6)
	at SqueakyClean.clean(SqueakyClean.java:6)
	at SqueakyClean.clean(SqueakyClean.java:6)
	at SqueakyClean.clean(SqueakyClean.java:6)
	at SqueakyClean.clean(SqueakyClean.java:6)
	at SqueakyClean.clean(SqueakyClean.java:6)
	at SqueakyClean.clean(SqueakyClean.java:6)
	at SqueakyClean.clean(SqueakyClean.java:6)
	at SqueakyClean.clean(SqueakyClean.java:6)
	at SqueakyClean.clean(SqueakyClean.java:6)
	at SqueakyClean.clean(SqueakyClean.java:6)
	at SqueakyClean.clean(SqueakyClean.java:6)
	at SqueakyClean.clean(SqueakyClean.java:6)
	at SqueakyClean.clean(SqueakyClean.java:6)
	at SqueakyClean.clean(SqueakyClean.java:6)
	at SqueakyClean.clean(SqueakyClean.java:6)
	at SqueakyClean.clean(SqueakyClean.java:6)
	at SqueakyClean.clean(SqueakyClean.java:6)
	at SqueakyClean.clean(SqueakyClean.java:6)
	at SqueakyClean.clean(SqueakyClean.java:6)
	at SqueakyClean.clean(SqueakyClean.java:6)
	at SqueakyClean.clean(SqueakyClean.java:6)
	at SqueakyClean.clean(SqueakyClean.java:6)
	at SqueakyClean.clean(SqueakyClean.java:6)
	at SqueakyClean.clean(SqueakyClean.java:6)
	at SqueakyClean.clean(SqueakyClean.java:6)
	at SqueakyClean.clean(SqueakyClean.java:6)
	at SqueakyClean.clean(SqueakyClean.java:6)
	at SqueakyClean.clean(SqueakyClean.java:6)
	at SqueakyClean.clean(SqueakyClean.java:6)
	at SqueakyClean.clean(SqueakyClean.java:6)
	at SqueakyClean.clean(SqueakyClean.java:6)
	at SqueakyClean.clean(SqueakyClean.java:6)
	at SqueakyClean.clean(SqueakyClean.java:6)
	at SqueakyClean.clean(SqueakyClean.java:6)
	at SqueakyClean.clean(SqueakyClean.java:6)
	at SqueakyClean.clean(SqueakyClean.java:6)
	at SqueakyClean.clean(SqueakyClean.java:6)
	at SqueakyClean.clean(SqueakyClean.java:6)
	at SqueakyClean.clean(SqueakyClean.java:6)
	at SqueakyClean.clean(SqueakyClean.java:6)
	at SqueakyClean.clean(SqueakyClean.java:6)
	at SqueakyClean.clean(SqueakyClean.java:6)
	at SqueakyClean.clean(SqueakyClean.java:6)
	at SqueakyClean.clean(SqueakyClean.java:6)
	at SqueakyClean.clean(SqueakyClean.java:6)
	at SqueakyClean.clean(SqueakyClean.java:6)
	at SqueakyClean.clean(SqueakyClean.java:6)
	at SqueakyClean.clean(SqueakyClean.java:6)
	at SqueakyClean.clean(SqueakyClean.java:6)
	at SqueakyClean.clean(SqueakyClean.java:6)
	at SqueakyClean.clean(SqueakyClean.java:6)
	at SqueakyClean.clean(SqueakyClean.java:6)
	at SqueakyClean.clean(SqueakyClean.java:6)
	at SqueakyClean.clean(SqueakyClean.java:6)
	at SqueakyClean.clean(SqueakyClean.java:6)
	at SqueakyClean.clean(SqueakyClean.java:6)
	at SqueakyClean.clean(SqueakyClean.java:6)
	at SqueakyClean.clean(SqueakyClean.java:6)
	at SqueakyClean.clean(SqueakyClean.java:6)
	at SqueakyClean.clean(SqueakyClean.java:6)
	at SqueakyClean.clean(SqueakyClean.java:6)
	at SqueakyClean.clean(SqueakyClean.java:6)
	at SqueakyClean.clean(SqueakyClean.java:6)
	at SqueakyClean.clean(SqueakyClean.java:6)
	at SqueakyClean.clean(SqueakyClean.java:6)
	at SqueakyClean.clean(SqueakyClean.java:6)
	at SqueakyClean.clean(SqueakyClean.java:6)
	at SqueakyClean.clean(SqueakyClean.java:6)
	at SqueakyClean.clean(SqueakyClean.java:6)
	at SqueakyClean.clean(SqueakyClean.java:6)
	at SqueakyClean.clean(SqueakyClean.java:6)
	at SqueakyClean.clean(SqueakyClean.java:6)
	at SqueakyClean.clean(SqueakyClean.java:6)
	at SqueakyClean.clean(SqueakyClean.java:6)
	at SqueakyClean.clean(SqueakyClean.java:6)
	at SqueakyClean.clean(SqueakyClean.java:6)
	at SqueakyClean.clean(SqueakyClean.java:6)
	at SqueakyClean.clean(SqueakyClean.java:6)
	at SqueakyClean.clean(SqueakyClean.java:6)
	at SqueakyClean.clean(SqueakyClean.java:6)
	at SqueakyClean.clean(SqueakyClean.java:6)
	at SqueakyClean.clean(SqueakyClean.java:6)
	at SqueakyClean.clean(SqueakyClean.java:6)
	at SqueakyClean.clean(SqueakyClean.java:6)
	at SqueakyClean.clean(SqueakyClean.java:6)
	at SqueakyClean.clean(SqueakyClean.java:6)
	at SqueakyClean.clean(SqueakyClean.java:6)
	at SqueakyClean.clean(SqueakyClean.java:6)
	at SqueakyClean.clean(SqueakyClean.java:6)
	at SqueakyClean.clean(SqueakyClean.java:6)
	at SqueakyClean.clean(SqueakyClean.java:6)
	at SqueakyClean.clean(SqueakyClean.java:6)
	at SqueakyClean.clean(SqueakyClean.java:6)
	at SqueakyClean.clean(SqueakyClean.java:6)
	at SqueakyClean.clean(SqueakyClean.java:6)
	at SqueakyClean.clean(SqueakyClean.java:6)
	at SqueakyClean.clean(SqueakyClean.java:6)
	at SqueakyClean.clean(SqueakyClean.java:6)
	at SqueakyClean.clean(SqueakyClean.java:6)
	at SqueakyClean.clean(SqueakyClean.java:6)
	at SqueakyClean.clean(SqueakyClean.java:6)
	at SqueakyClean.clean(SqueakyClean.java:6)
	at SqueakyClean.clean(SqueakyClean.java:6)
	at SqueakyClean.clean(SqueakyClean.java:6)
	at SqueakyClean.clean(SqueakyClean.java:6)
	at SqueakyClean.clean(SqueakyClean.java:6)
	at SqueakyClean.clean(SqueakyClean.java:6)
	at SqueakyClean.clean(SqueakyClean.java:6)
	at SqueakyClean.clean(SqueakyClean.java:6)
	at SqueakyClean.clean(SqueakyClean.java:6)
	at SqueakyClean.clean(SqueakyClean.java:6)
	at SqueakyClean.clean(SqueakyClean.java:6)
	at SqueakyClean.clean(SqueakyClean.java:6)
	at SqueakyClean.clean(SqueakyClean.java:6)
	at SqueakyClean.clean(SqueakyClean.java:6)
	at SqueakyClean.clean(SqueakyClean.java:6)
	at SqueakyClean.clean(SqueakyClean.java:6)
	at SqueakyClean.clean(SqueakyClean.java:6)
	at SqueakyClean.clean(SqueakyClean.java:6)
	at SqueakyClean.clean(SqueakyClean.java:6)
	at SqueakyClean.clean(SqueakyClean.java:6)
	at SqueakyClean.clean(SqueakyClean.java:6)
	at SqueakyClean.clean(SqueakyClean.java:6)
	at SqueakyClean.clean(SqueakyClean.java:6)
	at SqueakyClean.clean(SqueakyClean.java:6)
	at SqueakyClean.clean(SqueakyClean.java:6)
	at SqueakyClean.clean(SqueakyClean.java:6)
	at SqueakyClean.clean(SqueakyClean.java:6)
	at SqueakyClean.clean(SqueakyClean.java:6)
	at SqueakyClean.clean(SqueakyClean.java:6)
	at SqueakyClean.clean(SqueakyClean.java:6)
	at SqueakyClean.clean(SqueakyClean.java:6)
	at SqueakyClean.clean(SqueakyClean.java:6)
	at SqueakyClean.clean(SqueakyClean.java:6)
	at SqueakyClean.clean(SqueakyClean.java:6)
	at SqueakyClean.clean(SqueakyClean.java:6)
	at SqueakyClean.clean(SqueakyClean.java:6)
	at SqueakyClean.clean(SqueakyClean.java:6)
	at SqueakyClean.clean(SqueakyClean.java:6)
	at SqueakyClean.clean(SqueakyClean.java:6)
	at SqueakyClean.clean(SqueakyClean.java:6)
	at SqueakyClean.clean(SqueakyClean.java:6)
	at SqueakyClean.clean(SqueakyClean.java:6)
	at SqueakyClean.clean(SqueakyClean.java:6)
	at SqueakyClean.clean(SqueakyClean.java:6)
	at SqueakyClean.clean(SqueakyClean.java:6)
	at SqueakyClean.clean(SqueakyClean.java:6)
	at SqueakyClean.clean(SqueakyClean.java:6)
	at SqueakyClean.clean(SqueakyClean.java:6)
	at SqueakyClean.clean(SqueakyClean.java:6)
	at SqueakyClean.clean(SqueakyClean.java:6)
	at SqueakyClean.clean(SqueakyClean.java:6)
	at SqueakyClean.clean(SqueakyClean.java:6)
	at SqueakyClean.clean(SqueakyClean.java:6)
	at SqueakyClean.clean(SqueakyClean.java:6)
	at SqueakyClean.clean(SqueakyClean.java:6)
	at SqueakyClean.clean(SqueakyClean.java:6)
	at SqueakyClean.clean(SqueakyClean.java:6)
	at SqueakyClean.clean(SqueakyClean.java:6)
	at SqueakyClean.clean(SqueakyClean.java:6)
	at SqueakyClean.clean(SqueakyClean.java:6)
	at SqueakyClean.clean(SqueakyClean.java:6)
	at SqueakyClean.clean(SqueakyClean.java:6)
	at SqueakyClean.clean(SqueakyClean.java:6)
	at SqueakyClean.clean(SqueakyClean.java:6)
	at SqueakyClean.clean(SqueakyClean.java:6)
	at SqueakyClean.clean(SqueakyClean.java:6)
	at SqueakyClean.clean(SqueakyClean.java:6)
	at SqueakyClean.clean(SqueakyClean.java:6)
	at SqueakyClean.clean(SqueakyClean.java:6)
	at SqueakyClean.clean(SqueakyClean.java:6)
	at SqueakyClean.clean(SqueakyClean.java:6)
	at SqueakyClean.clean(SqueakyClean.java:6)
	at SqueakyClean.clean(SqueakyClean.java:6)
	at SqueakyClean.clean(SqueakyClean.java:6)
	at SqueakyClean.clean(SqueakyClean.java:6)
	at SqueakyClean.clean(SqueakyClean.java:6)
	at SqueakyClean.clean(SqueakyClean.java:6)
	at SqueakyClean.clean(SqueakyClean.java:6)
	at SqueakyClean.clean(SqueakyClean.java:6)
	at SqueakyClean.clean(SqueakyClean.java:6)
	at SqueakyClean.clean(SqueakyClean.java:6)
	at SqueakyClean.clean(SqueakyClean.java:6)
	at SqueakyClean.clean(SqueakyClean.java:6)
	at SqueakyClean.clean(SqueakyClean.java:6)
	at SqueakyClean.clean(SqueakyClean.java:6)
	at SqueakyClean.clean(SqueakyClean.java:6)
	at SqueakyClean.clean(SqueakyClean.java:6)
	at SqueakyClean.clean(SqueakyClean.java:6)
	at SqueakyClean.clean(SqueakyClean.java:6)
	at SqueakyClean.clean(SqueakyClean.java:6)
	at SqueakyClean.clean(SqueakyClean.java:6)
	at SqueakyClean.clean(SqueakyClean.java:6)
	at SqueakyClean.clean(SqueakyClean.java:6)
	at SqueakyClean.clean(SqueakyClean.java:6)
	at SqueakyClean.clean(SqueakyClean.java:6)
	at SqueakyClean.clean(SqueakyClean.java:6)
	at SqueakyClean.clean(SqueakyClean.java:6)
	at SqueakyClean.clean(SqueakyClean.java:6)
	at SqueakyClean.clean(SqueakyClean.java:6)
	at SqueakyClean.clean(SqueakyClean.java:6)
	at SqueakyClean.clean(SqueakyClean.java:6)
	at SqueakyClean.clean(SqueakyClean.java:6)
	at SqueakyClean.clean(SqueakyClean.java:6)
	at SqueakyClean.clean(SqueakyClean.java:6)
	at SqueakyClean.clean(SqueakyClean.java:6)
	at SqueakyClean.clean(SqueakyClean.java:6)
	at SqueakyClean.clean(SqueakyClean.java:6)
	at SqueakyClean.clean(SqueakyClean.java:6)
	at SqueakyClean.clean(SqueakyClean.java:6)
	at SqueakyClean.clean(SqueakyClean.java:6)
	at SqueakyClean.clean(SqueakyClean.java:6)
	at SqueakyClean.clean(SqueakyClean.java:6)
	at SqueakyClean.clean(SqueakyClean.java:6)
	at SqueakyClean.clean(SqueakyClean.java:6)
	at SqueakyClean.clean(SqueakyClean.java:6)
	at SqueakyClean.clean(SqueakyClean.java:6)
	at SqueakyClean.clean(SqueakyClean.java:6)
	at SqueakyClean.clean(SqueakyClean.java:6)
	at SqueakyClean.clean(SqueakyClean.java:6)
	at SqueakyClean.clean(SqueakyClean.java:6)
	at SqueakyClean.clean(SqueakyClean.java:6)
	at SqueakyClean.clean(SqueakyClean.java:6)
	at SqueakyClean.clean(SqueakyClean.java:6)
	at SqueakyClean.clean(SqueakyClean.java:6)
	at SqueakyClean.clean(SqueakyClean.java:6)
	at SqueakyClean.clean(SqueakyClean.java:6)
	at SqueakyClean.clean(SqueakyClean.java:6)
	at SqueakyClean.clean(SqueakyClean.java:6)
	at SqueakyClean.clean(SqueakyClean.java:6)
	at SqueakyClean.clean(SqueakyClean.java:6)
	at SqueakyClean.clean(SqueakyClean.java:6)
	at SqueakyClean.clean(SqueakyClean.java:6)
	at SqueakyClean.clean(SqueakyClean.java:6)
	at SqueakyClean.clean(SqueakyClean.java:6)
	at SqueakyClean.clean(SqueakyClean.java:6)
	at SqueakyClean.clean(SqueakyClean.java:6)
	at SqueakyClean.clean(SqueakyClean.java:6)
	at SqueakyClean.clean(SqueakyClean.java:6)
	at SqueakyClean.clean(SqueakyClean.java:6)
	at SqueakyClean.clean(SqueakyClean.java:6)
	at SqueakyClean.clean(SqueakyClean.java:6)
	at SqueakyClean.clean(SqueakyClean.java:6)
	at SqueakyClean.clean(SqueakyClean.java:6)
	at SqueakyClean.clean(SqueakyClean.java:6)
	at SqueakyClean.clean(SqueakyClean.java:6)
	at SqueakyClean.clean(SqueakyClean.java:6)
	at SqueakyClean.clean(SqueakyClean.java:6)
	at SqueakyClean.clean(SqueakyClean.java:6)
	at SqueakyClean.clean(SqueakyClean.java:6)
	at SqueakyClean.clean(SqueakyClean.java:6)
	at SqueakyClean.clean(SqueakyClean.java:6)
	at SqueakyClean.clean(SqueakyClean.java:6)
	at SqueakyClean.clean(SqueakyClean.java:6)
	at SqueakyClean.clean(SqueakyClean.java:6)
	at SqueakyClean.clean(SqueakyClean.java:6)
	at SqueakyClean.clean(SqueakyClean.java:6)
	at SqueakyClean.clean(SqueakyClean.java:6)
	at SqueakyClean.clean(SqueakyClean.java:6)
	at SqueakyClean.clean(SqueakyClean.java:6)
	at SqueakyClean.clean(SqueakyClean.java:6)
	at SqueakyClean.clean(SqueakyClean.java:6)
	at SqueakyClean.clean(SqueakyClean.java:6)
	at SqueakyClean.clean(SqueakyClean.java:6)
	at SqueakyClean.clean(SqueakyClean.java:6)
	at SqueakyClean.clean(SqueakyClean.java:6)
	at SqueakyClean.clean(SqueakyClean.java:6)
	at SqueakyClean.clean(SqueakyClean.java:6)
	at SqueakyClean.clean(SqueakyClean.java:6)
	at SqueakyClean.clean(SqueakyClean.java:6)
	at SqueakyClean.clean(SqueakyClean.java:6)
	at SqueakyClean.clean(SqueakyClean.java:6)
	at SqueakyClean.clean(SqueakyClean.java:6)
	at SqueakyClean.clean(SqueakyClean.java:6)
	at SqueakyClean.clean(SqueakyClean.java:6)
	at SqueakyClean.clean(SqueakyClean.java:6)
	at SqueakyClean.clean(SqueakyClean.java:6)
	at SqueakyClean.clean(SqueakyClean.java:6)
	at SqueakyClean.clean(SqueakyClean.java:6)
	at SqueakyClean.clean(SqueakyClean.java:6)
	at SqueakyClean.clean(SqueakyClean.java:6)
	at SqueakyClean.clean(SqueakyClean.java:6)
	at SqueakyClean.clean(SqueakyClean.java:6)
	at SqueakyClean.clean(SqueakyClean.java:6)
	at SqueakyClean.clean(SqueakyClean.java:6)
	at SqueakyClean.clean(SqueakyClean.java:6)
	at SqueakyClean.clean(SqueakyClean.java:6)
	at SqueakyClean.clean(SqueakyClean.java:6)
	at SqueakyClean.clean(SqueakyClean.java:6)
	at SqueakyClean.clean(SqueakyClean.java:6)
	at SqueakyClean.clean(SqueakyClean.java:6)
	at SqueakyClean.clean(SqueakyClean.java:6)
	at SqueakyClean.clean(SqueakyClean.java:6)
	at SqueakyClean.clean(SqueakyClean.java:6)
	at SqueakyClean.clean(SqueakyClean.java:6)
	at SqueakyClean.clean(SqueakyClean.java:6)
	at SqueakyClean.clean(SqueakyClean.java:6)
	at SqueakyClean.clean(SqueakyClean.java:6)
	at SqueakyClean.clean(SqueakyClean.java:6)
	at SqueakyClean.clean(SqueakyClean.java:6)
	at SqueakyClean.clean(SqueakyClean.java:6)
	at SqueakyClean.clean(SqueakyClean.java:6)
	at SqueakyClean.clean(SqueakyClean.java:6)
	at SqueakyClean.clean(SqueakyClean.java:6)
	at SqueakyClean.clean(SqueakyClean.java:6)
	at SqueakyClean.clean(SqueakyClean.java:6)
	at SqueakyClean.clean(SqueakyClean.java:6)
	at SqueakyClean.clean(SqueakyClean.java:6)
	at SqueakyClean.clean(SqueakyClean.java:6)
	at SqueakyClean.clean(SqueakyClean.java:6)
	at SqueakyClean.clean(SqueakyClean.java:6)
	at SqueakyClean.clean(SqueakyClean.java:6)
	at SqueakyClean.clean(SqueakyClean.java:6)
	at SqueakyClean.clean(SqueakyClean.java:6)
	at SqueakyClean.clean(SqueakyClean.java:6)
	at SqueakyClean.clean(SqueakyClean.java:6)
	at SqueakyClean.clean(SqueakyClean.java:6)
	at SqueakyClean.clean(SqueakyClean.java:6)
	at SqueakyClean.clean(SqueakyClean.java:6)
	at SqueakyClean.clean(SqueakyClean.java:6)
	at SqueakyClean.clean(SqueakyClean.java:6)
	at SqueakyClean.clean(SqueakyClean.java:6)
	at SqueakyClean.clean(SqueakyClean.java:6)
	at SqueakyClean.clean(SqueakyClean.java:6)
	at SqueakyClean.clean(SqueakyClean.java:6)
	at SqueakyClean.clean(SqueakyClean.java:6)
	at SqueakyClean.clean(SqueakyClean.java:6)
	at SqueakyClean.clean(SqueakyClean.java:6)
	at SqueakyClean.clean(SqueakyClean.java:6)
	at SqueakyClean.clean(SqueakyClean.java:6)
	at SqueakyClean.clean(SqueakyClean.java:6)
	at SqueakyClean.clean(SqueakyClean.java:6)
	at SqueakyClean.clean(SqueakyClean.java:6)
	at SqueakyClean.clean(SqueakyClean.java:6)
	at SqueakyClean.clean(SqueakyClean.java:6)
	at SqueakyClean.clean(SqueakyClean.java:6)
	at SqueakyClean.clean(SqueakyClean.java:6)
	at SqueakyClean.clean(SqueakyClean.java:6)
	at SqueakyClean.clean(SqueakyClean.java:6)
	at SqueakyClean.clean(SqueakyClean.java:6)
	at SqueakyClean.clean(SqueakyClean.java:6)
	at SqueakyClean.clean(SqueakyClean.java:6)
	at SqueakyClean.clean(SqueakyClean.java:6)
	at SqueakyClean.clean(SqueakyClean.java:6)
	at SqueakyClean.clean(SqueakyClean.java:6)
	at SqueakyClean.clean(SqueakyClean.java:6)
	at SqueakyClean.clean(SqueakyClean.java:6)
	at SqueakyClean.clean(SqueakyClean.java:6)
	at SqueakyClean.clean(SqueakyClean.java:6)
	at SqueakyClean.clean(SqueakyClean.java:6)
	at SqueakyClean.clean(SqueakyClean.java:6)
	at SqueakyClean.clean(SqueakyClean.java:6)
	at SqueakyClean.clean(SqueakyClean.java:6)
	at SqueakyClean.clean(SqueakyClean.java:6)
	at SqueakyClean.clean(SqueakyClean.java:6)
	at SqueakyClean.clean(SqueakyClean.java:6)
	at SqueakyClean.clean(SqueakyClean.java:6)
	at SqueakyClean.clean(SqueakyClean.java:6)
	at SqueakyClean.clean(SqueakyClean.java:6)
	at SqueakyClean.clean(SqueakyClean.java:6)
	at SqueakyClean.clean(SqueakyClean.java:6)
	at SqueakyClean.clean(SqueakyClean.java:6)
	at SqueakyClean.clean(SqueakyClean.java:6)
	at SqueakyClean.clean(SqueakyClean.java:6)
	at SqueakyClean.clean(SqueakyClean.java:6)
	at SqueakyClean.clean(SqueakyClean.java:6)
	at SqueakyClean.clean(SqueakyClean.java:6)
	at SqueakyClean.clean(SqueakyClean.java:6)
	at SqueakyClean.clean(SqueakyClean.java:6)
	at SqueakyClean.clean(SqueakyClean.java:6)
	at SqueakyClean.clean(SqueakyClean.java:6)
	at SqueakyClean.clean(SqueakyClean.java:6)
	at SqueakyClean.clean(SqueakyClean.java:6)
	at SqueakyClean.clean(SqueakyClean.java:6)
	at SqueakyClean.clean(SqueakyClean.java:6)
	at SqueakyClean.clean(SqueakyClean.java:6)
	at SqueakyClean.clean(SqueakyClean.java:6)
	at SqueakyClean.clean(SqueakyClean.java:6)
	at SqueakyClean.clean(SqueakyClean.java:6)
	at SqueakyClean.clean(SqueakyClean.java:6)
	at SqueakyClean.clean(SqueakyClean.java:6)
	at SqueakyClean.clean(SqueakyClean.java:6)
	at SqueakyClean.clean(SqueakyClean.java:6)
	at SqueakyClean.clean(SqueakyClean.java:6)
	at SqueakyClean.clean(SqueakyClean.java:6)
	at SqueakyClean.clean(SqueakyClean.java:6)
	at SqueakyClean.clean(SqueakyClean.java:6)
	at SqueakyClean.clean(SqueakyClean.java:6)
	at SqueakyClean.clean(SqueakyClean.java:6)
	at SqueakyClean.clean(SqueakyClean.java:6)
	at SqueakyClean.clean(SqueakyClean.java:6)
	at SqueakyClean.clean(SqueakyClean.java:6)
	at SqueakyClean.clean(SqueakyClean.java:6)
	at SqueakyClean.clean(SqueakyClean.java:6)
	at SqueakyClean.clean(SqueakyClean.java:6)
	at SqueakyClean.clean(SqueakyClean.java:6)
	at SqueakyClean.clean(SqueakyClean.java:6)
	at SqueakyClean.clean(SqueakyClean.java:6)
	at SqueakyClean.clean(SqueakyClean.java:6)
	at SqueakyClean.clean(SqueakyClean.java:6)
	at SqueakyClean.clean(SqueakyClean.java:6)
	at SqueakyClean.clean(SqueakyClean.java:6)
	at SqueakyClean.clean(SqueakyClean.java:6)
	at SqueakyClean.clean(SqueakyClean.java:6)
	at SqueakyClean.clean(SqueakyClean.java:6)
	at SqueakyClean.clean(SqueakyClean.java:6)
	at SqueakyClean.clean(SqueakyClean.java:6)
	at SqueakyClean.clean(SqueakyClean.java:6)
	at SqueakyClean.clean(SqueakyClean.java:6)
	at SqueakyClean.clean(SqueakyClean.java:6)
	at SqueakyClean.clean(SqueakyClean.java:6)
	at SqueakyClean.clean(SqueakyClean.java:6)
	at SqueakyClean.clean(SqueakyClean.java:6)
	at SqueakyClean.clean(SqueakyClean.java:6)
	at SqueakyClean.clean(SqueakyClean.java:6)
	at SqueakyClean.clean(SqueakyClean.java:6)
	at SqueakyClean.clean(SqueakyClean.java:6)
	at SqueakyClean.clean(SqueakyClean.java:6)
	at SqueakyClean.clean(SqueakyClean.java:6)
	at SqueakyClean.clean(SqueakyClean.java:6)
	at SqueakyClean.clean(SqueakyClean.java:6)
	at SqueakyClean.clean(SqueakyClean.java:6)
	at SqueakyClean.clean(SqueakyClean.java:6)
	at SqueakyClean.clean(SqueakyClean.java:6)
	at SqueakyClean.clean(SqueakyClean.java:6)
	at SqueakyClean.clean(SqueakyClean.java:6)
	at SqueakyClean.clean(SqueakyClean.java:6)
	at SqueakyClean.clean(SqueakyClean.java:6)
	at SqueakyClean.clean(SqueakyClean.java:6)
	at SqueakyClean.clean(SqueakyClean.java:6)
	at SqueakyClean.clean(SqueakyClean.java:6)
	at SqueakyClean.clean(SqueakyClean.java:6)
	at SqueakyClean.clean(SqueakyClean.java:6)
	at SqueakyClean.clean(SqueakyClean.java:6)
</failure>
  </testcase>
  <testcase name="spaces" classname="SqueakyCleanTest" time="0.007">
    <failure message="java.lang.StackOverflowError" type="java.lang.StackOverflowError">java.lang.StackOverflowError
	at SqueakyClean.clean(SqueakyClean.java:6)
	at SqueakyClean.clean(SqueakyClean.java:6)
	at SqueakyClean.clean(SqueakyClean.java:6)
	at SqueakyClean.clean(SqueakyClean.java:6)
	at SqueakyClean.clean(SqueakyClean.java:6)
	at SqueakyClean.clean(SqueakyClean.java:6)
	at SqueakyClean.clean(SqueakyClean.java:6)
	at SqueakyClean.clean(SqueakyClean.java:6)
	at SqueakyClean.clean(SqueakyClean.java:6)
	at SqueakyClean.clean(SqueakyClean.java:6)
	at SqueakyClean.clean(SqueakyClean.java:6)
	at SqueakyClean.clean(SqueakyClean.java:6)
	at SqueakyClean.clean(SqueakyClean.java:6)
	at SqueakyClean.clean(SqueakyClean.java:6)
	at SqueakyClean.clean(SqueakyClean.java:6)
	at SqueakyClean.clean(SqueakyClean.java:6)
	at SqueakyClean.clean(SqueakyClean.java:6)
	at SqueakyClean.clean(SqueakyClean.java:6)
	at SqueakyClean.clean(SqueakyClean.java:6)
	at SqueakyClean.clean(SqueakyClean.java:6)
	at SqueakyClean.clean(SqueakyClean.java:6)
	at SqueakyClean.clean(SqueakyClean.java:6)
	at SqueakyClean.clean(SqueakyClean.java:6)
	at SqueakyClean.clean(SqueakyClean.java:6)
	at SqueakyClean.clean(SqueakyClean.java:6)
	at SqueakyClean.clean(SqueakyClean.java:6)
	at SqueakyClean.clean(SqueakyClean.java:6)
	at SqueakyClean.clean(SqueakyClean.java:6)
	at SqueakyClean.clean(SqueakyClean.java:6)
	at SqueakyClean.clean(SqueakyClean.java:6)
	at SqueakyClean.clean(SqueakyClean.java:6)
	at SqueakyClean.clean(SqueakyClean.java:6)
	at SqueakyClean.clean(SqueakyClean.java:6)
	at SqueakyClean.clean(SqueakyClean.java:6)
	at SqueakyClean.clean(SqueakyClean.java:6)
	at SqueakyClean.clean(SqueakyClean.java:6)
	at SqueakyClean.clean(SqueakyClean.java:6)
	at SqueakyClean.clean(SqueakyClean.java:6)
	at SqueakyClean.clean(SqueakyClean.java:6)
	at SqueakyClean.clean(SqueakyClean.java:6)
	at SqueakyClean.clean(SqueakyClean.java:6)
	at SqueakyClean.clean(SqueakyClean.java:6)
	at SqueakyClean.clean(SqueakyClean.java:6)
	at SqueakyClean.clean(SqueakyClean.java:6)
	at SqueakyClean.clean(SqueakyClean.java:6)
	at SqueakyClean.clean(SqueakyClean.java:6)
	at SqueakyClean.clean(SqueakyClean.java:6)
	at SqueakyClean.clean(SqueakyClean.java:6)
	at SqueakyClean.clean(SqueakyClean.java:6)
	at SqueakyClean.clean(SqueakyClean.java:6)
	at SqueakyClean.clean(SqueakyClean.java:6)
	at SqueakyClean.clean(SqueakyClean.java:6)
	at SqueakyClean.clean(SqueakyClean.java:6)
	at SqueakyClean.clean(SqueakyClean.java:6)
	at SqueakyClean.clean(SqueakyClean.java:6)
	at SqueakyClean.clean(SqueakyClean.java:6)
	at SqueakyClean.clean(SqueakyClean.java:6)
	at SqueakyClean.clean(SqueakyClean.java:6)
	at SqueakyClean.clean(SqueakyClean.java:6)
	at SqueakyClean.clean(SqueakyClean.java:6)
	at SqueakyClean.clean(SqueakyClean.java:6)
	at SqueakyClean.clean(SqueakyClean.java:6)
	at SqueakyClean.clean(SqueakyClean.java:6)
	at SqueakyClean.clean(SqueakyClean.java:6)
	at SqueakyClean.clean(SqueakyClean.java:6)
	at SqueakyClean.clean(SqueakyClean.java:6)
	at SqueakyClean.clean(SqueakyClean.java:6)
	at SqueakyClean.clean(SqueakyClean.java:6)
	at SqueakyClean.clean(SqueakyClean.java:6)
	at SqueakyClean.clean(SqueakyClean.java:6)
	at SqueakyClean.clean(SqueakyClean.java:6)
	at SqueakyClean.clean(SqueakyClean.java:6)
	at SqueakyClean.clean(SqueakyClean.java:6)
	at SqueakyClean.clean(SqueakyClean.java:6)
	at SqueakyClean.clean(SqueakyClean.java:6)
	at SqueakyClean.clean(SqueakyClean.java:6)
	at SqueakyClean.clean(SqueakyClean.java:6)
	at SqueakyClean.clean(SqueakyClean.java:6)
	at SqueakyClean.clean(SqueakyClean.java:6)
	at SqueakyClean.clean(SqueakyClean.java:6)
	at SqueakyClean.clean(SqueakyClean.java:6)
	at SqueakyClean.clean(SqueakyClean.java:6)
	at SqueakyClean.clean(SqueakyClean.java:6)
	at SqueakyClean.clean(SqueakyClean.java:6)
	at SqueakyClean.clean(SqueakyClean.java:6)
	at SqueakyClean.clean(SqueakyClean.java:6)
	at SqueakyClean.clean(SqueakyClean.java:6)
	at SqueakyClean.clean(SqueakyClean.java:6)
	at SqueakyClean.clean(SqueakyClean.java:6)
	at SqueakyClean.clean(SqueakyClean.java:6)
	at SqueakyClean.clean(SqueakyClean.java:6)
	at SqueakyClean.clean(SqueakyClean.java:6)
	at SqueakyClean.clean(SqueakyClean.java:6)
	at SqueakyClean.clean(SqueakyClean.java:6)
	at SqueakyClean.clean(SqueakyClean.java:6)
	at SqueakyClean.clean(SqueakyClean.java:6)
	at SqueakyClean.clean(SqueakyClean.java:6)
	at SqueakyClean.clean(SqueakyClean.java:6)
	at SqueakyClean.clean(SqueakyClean.java:6)
	at SqueakyClean.clean(SqueakyClean.java:6)
	at SqueakyClean.clean(SqueakyClean.java:6)
	at SqueakyClean.clean(SqueakyClean.java:6)
	at SqueakyClean.clean(SqueakyClean.java:6)
	at SqueakyClean.clean(SqueakyClean.java:6)
	at SqueakyClean.clean(SqueakyClean.java:6)
	at SqueakyClean.clean(SqueakyClean.java:6)
	at SqueakyClean.clean(SqueakyClean.java:6)
	at SqueakyClean.clean(SqueakyClean.java:6)
	at SqueakyClean.clean(SqueakyClean.java:6)
	at SqueakyClean.clean(SqueakyClean.java:6)
	at SqueakyClean.clean(SqueakyClean.java:6)
	at SqueakyClean.clean(SqueakyClean.java:6)
	at SqueakyClean.clean(SqueakyClean.java:6)
	at SqueakyClean.clean(SqueakyClean.java:6)
	at SqueakyClean.clean(SqueakyClean.java:6)
	at SqueakyClean.clean(SqueakyClean.java:6)
	at SqueakyClean.clean(SqueakyClean.java:6)
	at SqueakyClean.clean(SqueakyClean.java:6)
	at SqueakyClean.clean(SqueakyClean.java:6)
	at SqueakyClean.clean(SqueakyClean.java:6)
	at SqueakyClean.clean(SqueakyClean.java:6)
	at SqueakyClean.clean(SqueakyClean.java:6)
	at SqueakyClean.clean(SqueakyClean.java:6)
	at SqueakyClean.clean(SqueakyClean.java:6)
	at SqueakyClean.clean(SqueakyClean.java:6)
	at SqueakyClean.clean(SqueakyClean.java:6)
	at SqueakyClean.clean(SqueakyClean.java:6)
	at SqueakyClean.clean(SqueakyClean.java:6)
	at SqueakyClean.clean(SqueakyClean.java:6)
	at SqueakyClean.clean(SqueakyClean.java:6)
	at SqueakyClean.clean(SqueakyClean.java:6)
	at SqueakyClean.clean(SqueakyClean.java:6)
	at SqueakyClean.clean(SqueakyClean.java:6)
	at SqueakyClean.clean(SqueakyClean.java:6)
	at SqueakyClean.clean(SqueakyClean.java:6)
	at SqueakyClean.clean(SqueakyClean.java:6)
	at SqueakyClean.clean(SqueakyClean.java:6)
	at SqueakyClean.clean(SqueakyClean.java:6)
	at SqueakyClean.clean(SqueakyClean.java:6)
	at SqueakyClean.clean(SqueakyClean.java:6)
	at SqueakyClean.clean(SqueakyClean.java:6)
	at SqueakyClean.clean(SqueakyClean.java:6)
	at SqueakyClean.clean(SqueakyClean.java:6)
	at SqueakyClean.clean(SqueakyClean.java:6)
	at SqueakyClean.clean(SqueakyClean.java:6)
	at SqueakyClean.clean(SqueakyClean.java:6)
	at SqueakyClean.clean(SqueakyClean.java:6)
	at SqueakyClean.clean(SqueakyClean.java:6)
	at SqueakyClean.clean(SqueakyClean.java:6)
	at SqueakyClean.clean(SqueakyClean.java:6)
	at SqueakyClean.clean(SqueakyClean.java:6)
	at SqueakyClean.clean(SqueakyClean.java:6)
	at SqueakyClean.clean(SqueakyClean.java:6)
	at SqueakyClean.clean(SqueakyClean.java:6)
	at SqueakyClean.clean(SqueakyClean.java:6)
	at SqueakyClean.clean(SqueakyClean.java:6)
	at SqueakyClean.clean(SqueakyClean.java:6)
	at SqueakyClean.clean(SqueakyClean.java:6)
	at SqueakyClean.clean(SqueakyClean.java:6)
	at SqueakyClean.clean(SqueakyClean.java:6)
	at SqueakyClean.clean(SqueakyClean.java:6)
	at SqueakyClean.clean(SqueakyClean.java:6)
	at SqueakyClean.clean(SqueakyClean.java:6)
	at SqueakyClean.clean(SqueakyClean.java:6)
	at SqueakyClean.clean(SqueakyClean.java:6)
	at SqueakyClean.clean(SqueakyClean.java:6)
	at SqueakyClean.clean(SqueakyClean.java:6)
	at SqueakyClean.clean(SqueakyClean.java:6)
	at SqueakyClean.clean(SqueakyClean.java:6)
	at SqueakyClean.clean(SqueakyClean.java:6)
	at SqueakyClean.clean(SqueakyClean.java:6)
	at SqueakyClean.clean(SqueakyClean.java:6)
	at SqueakyClean.clean(SqueakyClean.java:6)
	at SqueakyClean.clean(SqueakyClean.java:6)
	at SqueakyClean.clean(SqueakyClean.java:6)
	at SqueakyClean.clean(SqueakyClean.java:6)
	at SqueakyClean.clean(SqueakyClean.java:6)
	at SqueakyClean.clean(SqueakyClean.java:6)
	at SqueakyClean.clean(SqueakyClean.java:6)
	at SqueakyClean.clean(SqueakyClean.java:6)
	at SqueakyClean.clean(SqueakyClean.java:6)
	at SqueakyClean.clean(SqueakyClean.java:6)
	at SqueakyClean.clean(SqueakyClean.java:6)
	at SqueakyClean.clean(SqueakyClean.java:6)
	at SqueakyClean.clean(SqueakyClean.java:6)
	at SqueakyClean.clean(SqueakyClean.java:6)
	at SqueakyClean.clean(SqueakyClean.java:6)
	at SqueakyClean.clean(SqueakyClean.java:6)
	at SqueakyClean.clean(SqueakyClean.java:6)
	at SqueakyClean.clean(SqueakyClean.java:6)
	at SqueakyClean.clean(SqueakyClean.java:6)
	at SqueakyClean.clean(SqueakyClean.java:6)
	at SqueakyClean.clean(SqueakyClean.java:6)
	at SqueakyClean.clean(SqueakyClean.java:6)
	at SqueakyClean.clean(SqueakyClean.java:6)
	at SqueakyClean.clean(SqueakyClean.java:6)
	at SqueakyClean.clean(SqueakyClean.java:6)
	at SqueakyClean.clean(SqueakyClean.java:6)
	at SqueakyClean.clean(SqueakyClean.java:6)
	at SqueakyClean.clean(SqueakyClean.java:6)
	at SqueakyClean.clean(SqueakyClean.java:6)
	at SqueakyClean.clean(SqueakyClean.java:6)
	at SqueakyClean.clean(SqueakyClean.java:6)
	at SqueakyClean.clean(SqueakyClean.java:6)
	at SqueakyClean.clean(SqueakyClean.java:6)
	at SqueakyClean.clean(SqueakyClean.java:6)
	at SqueakyClean.clean(SqueakyClean.java:6)
	at SqueakyClean.clean(SqueakyClean.java:6)
	at SqueakyClean.clean(SqueakyClean.java:6)
	at SqueakyClean.clean(SqueakyClean.java:6)
	at SqueakyClean.clean(SqueakyClean.java:6)
	at SqueakyClean.clean(SqueakyClean.java:6)
	at SqueakyClean.clean(SqueakyClean.java:6)
	at SqueakyClean.clean(SqueakyClean.java:6)
	at SqueakyClean.clean(SqueakyClean.java:6)
	at SqueakyClean.clean(SqueakyClean.java:6)
	at SqueakyClean.clean(SqueakyClean.java:6)
	at SqueakyClean.clean(SqueakyClean.java:6)
	at SqueakyClean.clean(SqueakyClean.java:6)
	at SqueakyClean.clean(SqueakyClean.java:6)
	at SqueakyClean.clean(SqueakyClean.java:6)
	at SqueakyClean.clean(SqueakyClean.java:6)
	at SqueakyClean.clean(SqueakyClean.java:6)
	at SqueakyClean.clean(SqueakyClean.java:6)
	at SqueakyClean.clean(SqueakyClean.java:6)
	at SqueakyClean.clean(SqueakyClean.java:6)
	at SqueakyClean.clean(SqueakyClean.java:6)
	at SqueakyClean.clean(SqueakyClean.java:6)
	at SqueakyClean.clean(SqueakyClean.java:6)
	at SqueakyClean.clean(SqueakyClean.java:6)
	at SqueakyClean.clean(SqueakyClean.java:6)
	at SqueakyClean.clean(SqueakyClean.java:6)
	at SqueakyClean.clean(SqueakyClean.java:6)
	at SqueakyClean.clean(SqueakyClean.java:6)
	at SqueakyClean.clean(SqueakyClean.java:6)
	at SqueakyClean.clean(SqueakyClean.java:6)
	at SqueakyClean.clean(SqueakyClean.java:6)
	at SqueakyClean.clean(SqueakyClean.java:6)
	at SqueakyClean.clean(SqueakyClean.java:6)
	at SqueakyClean.clean(SqueakyClean.java:6)
	at SqueakyClean.clean(SqueakyClean.java:6)
	at SqueakyClean.clean(SqueakyClean.java:6)
	at SqueakyClean.clean(SqueakyClean.java:6)
	at SqueakyClean.clean(SqueakyClean.java:6)
	at SqueakyClean.clean(SqueakyClean.java:6)
	at SqueakyClean.clean(SqueakyClean.java:6)
	at SqueakyClean.clean(SqueakyClean.java:6)
	at SqueakyClean.clean(SqueakyClean.java:6)
	at SqueakyClean.clean(SqueakyClean.java:6)
	at SqueakyClean.clean(SqueakyClean.java:6)
	at SqueakyClean.clean(SqueakyClean.java:6)
	at SqueakyClean.clean(SqueakyClean.java:6)
	at SqueakyClean.clean(SqueakyClean.java:6)
	at SqueakyClean.clean(SqueakyClean.java:6)
	at SqueakyClean.clean(SqueakyClean.java:6)
	at SqueakyClean.clean(SqueakyClean.java:6)
	at SqueakyClean.clean(SqueakyClean.java:6)
	at SqueakyClean.clean(SqueakyClean.java:6)
	at SqueakyClean.clean(SqueakyClean.java:6)
	at SqueakyClean.clean(SqueakyClean.java:6)
	at SqueakyClean.clean(SqueakyClean.java:6)
	at SqueakyClean.clean(SqueakyClean.java:6)
	at SqueakyClean.clean(SqueakyClean.java:6)
	at SqueakyClean.clean(SqueakyClean.java:6)
	at SqueakyClean.clean(SqueakyClean.java:6)
	at SqueakyClean.clean(SqueakyClean.java:6)
	at SqueakyClean.clean(SqueakyClean.java:6)
	at SqueakyClean.clean(SqueakyClean.java:6)
	at SqueakyClean.clean(SqueakyClean.java:6)
	at SqueakyClean.clean(SqueakyClean.java:6)
	at SqueakyClean.clean(SqueakyClean.java:6)
	at SqueakyClean.clean(SqueakyClean.java:6)
	at SqueakyClean.clean(SqueakyClean.java:6)
	at SqueakyClean.clean(SqueakyClean.java:6)
	at SqueakyClean.clean(SqueakyClean.java:6)
	at SqueakyClean.clean(SqueakyClean.java:6)
	at SqueakyClean.clean(SqueakyClean.java:6)
	at SqueakyClean.clean(SqueakyClean.java:6)
	at SqueakyClean.clean(SqueakyClean.java:6)
	at SqueakyClean.clean(SqueakyClean.java:6)
	at SqueakyClean.clean(SqueakyClean.java:6)
	at SqueakyClean.clean(SqueakyClean.java:6)
	at SqueakyClean.clean(SqueakyClean.java:6)
	at SqueakyClean.clean(SqueakyClean.java:6)
	at SqueakyClean.clean(SqueakyClean.java:6)
	at SqueakyClean.clean(SqueakyClean.java:6)
	at SqueakyClean.clean(SqueakyClean.java:6)
	at SqueakyClean.clean(SqueakyClean.java:6)
	at SqueakyClean.clean(SqueakyClean.java:6)
	at SqueakyClean.clean(SqueakyClean.java:6)
	at SqueakyClean.clean(SqueakyClean.java:6)
	at SqueakyClean.clean(SqueakyClean.java:6)
	at SqueakyClean.clean(SqueakyClean.java:6)
	at SqueakyClean.clean(SqueakyClean.java:6)
	at SqueakyClean.clean(SqueakyClean.java:6)
	at SqueakyClean.clean(SqueakyClean.java:6)
	at SqueakyClean.clean(SqueakyClean.java:6)
	at SqueakyClean.clean(SqueakyClean.java:6)
	at SqueakyClean.clean(SqueakyClean.java:6)
	at SqueakyClean.clean(SqueakyClean.java:6)
	at SqueakyClean.clean(SqueakyClean.java:6)
	at SqueakyClean.clean(SqueakyClean.java:6)
	at SqueakyClean.clean(SqueakyClean.java:6)
	at SqueakyClean.clean(SqueakyClean.java:6)
	at SqueakyClean.clean(SqueakyClean.java:6)
	at SqueakyClean.clean(SqueakyClean.java:6)
	at SqueakyClean.clean(SqueakyClean.java:6)
	at SqueakyClean.clean(SqueakyClean.java:6)
	at SqueakyClean.clean(SqueakyClean.java:6)
	at SqueakyClean.clean(SqueakyClean.java:6)
	at SqueakyClean.clean(SqueakyClean.java:6)
	at SqueakyClean.clean(SqueakyClean.java:6)
	at SqueakyClean.clean(SqueakyClean.java:6)
	at SqueakyClean.clean(SqueakyClean.java:6)
	at SqueakyClean.clean(SqueakyClean.java:6)
	at SqueakyClean.clean(SqueakyClean.java:6)
	at SqueakyClean.clean(SqueakyClean.java:6)
	at SqueakyClean.clean(SqueakyClean.java:6)
	at SqueakyClean.clean(SqueakyClean.java:6)
	at SqueakyClean.clean(SqueakyClean.java:6)
	at SqueakyClean.clean(SqueakyClean.java:6)
	at SqueakyClean.clean(SqueakyClean.java:6)
	at SqueakyClean.clean(SqueakyClean.java:6)
	at SqueakyClean.clean(SqueakyClean.java:6)
	at SqueakyClean.clean(SqueakyClean.java:6)
	at SqueakyClean.clean(SqueakyClean.java:6)
	at SqueakyClean.clean(SqueakyClean.java:6)
	at SqueakyClean.clean(SqueakyClean.java:6)
	at SqueakyClean.clean(SqueakyClean.java:6)
	at SqueakyClean.clean(SqueakyClean.java:6)
	at SqueakyClean.clean(SqueakyClean.java:6)
	at SqueakyClean.clean(SqueakyClean.java:6)
	at SqueakyClean.clean(SqueakyClean.java:6)
	at SqueakyClean.clean(SqueakyClean.java:6)
	at SqueakyClean.clean(SqueakyClean.java:6)
	at SqueakyClean.clean(SqueakyClean.java:6)
	at SqueakyClean.clean(SqueakyClean.java:6)
	at SqueakyClean.clean(SqueakyClean.java:6)
	at SqueakyClean.clean(SqueakyClean.java:6)
	at SqueakyClean.clean(SqueakyClean.java:6)
	at SqueakyClean.clean(SqueakyClean.java:6)
	at SqueakyClean.clean(SqueakyClean.java:6)
	at SqueakyClean.clean(SqueakyClean.java:6)
	at SqueakyClean.clean(SqueakyClean.java:6)
	at SqueakyClean.clean(SqueakyClean.java:6)
	at SqueakyClean.clean(SqueakyClean.java:6)
	at SqueakyClean.clean(SqueakyClean.java:6)
	at SqueakyClean.clean(SqueakyClean.java:6)
	at SqueakyClean.clean(SqueakyClean.java:6)
	at SqueakyClean.clean(SqueakyClean.java:6)
	at SqueakyClean.clean(SqueakyClean.java:6)
	at SqueakyClean.clean(SqueakyClean.java:6)
	at SqueakyClean.clean(SqueakyClean.java:6)
	at SqueakyClean.clean(SqueakyClean.java:6)
	at SqueakyClean.clean(SqueakyClean.java:6)
	at SqueakyClean.clean(SqueakyClean.java:6)
	at SqueakyClean.clean(SqueakyClean.java:6)
	at SqueakyClean.clean(SqueakyClean.java:6)
	at SqueakyClean.clean(SqueakyClean.java:6)
	at SqueakyClean.clean(SqueakyClean.java:6)
	at SqueakyClean.clean(SqueakyClean.java:6)
	at SqueakyClean.clean(SqueakyClean.java:6)
	at SqueakyClean.clean(SqueakyClean.java:6)
	at SqueakyClean.clean(SqueakyClean.java:6)
	at SqueakyClean.clean(SqueakyClean.java:6)
	at SqueakyClean.clean(SqueakyClean.java:6)
	at SqueakyClean.clean(SqueakyClean.java:6)
	at SqueakyClean.clean(SqueakyClean.java:6)
	at SqueakyClean.clean(SqueakyClean.java:6)
	at SqueakyClean.clean(SqueakyClean.java:6)
	at SqueakyClean.clean(SqueakyClean.java:6)
	at SqueakyClean.clean(SqueakyClean.java:6)
	at SqueakyClean.clean(SqueakyClean.java:6)
	at SqueakyClean.clean(SqueakyClean.java:6)
	at SqueakyClean.clean(SqueakyClean.java:6)
	at SqueakyClean.clean(SqueakyClean.java:6)
	at SqueakyClean.clean(SqueakyClean.java:6)
	at SqueakyClean.clean(SqueakyClean.java:6)
	at SqueakyClean.clean(SqueakyClean.java:6)
	at SqueakyClean.clean(SqueakyClean.java:6)
	at SqueakyClean.clean(SqueakyClean.java:6)
	at SqueakyClean.clean(SqueakyClean.java:6)
	at SqueakyClean.clean(SqueakyClean.java:6)
	at SqueakyClean.clean(SqueakyClean.java:6)
	at SqueakyClean.clean(SqueakyClean.java:6)
	at SqueakyClean.clean(SqueakyClean.java:6)
	at SqueakyClean.clean(SqueakyClean.java:6)
	at SqueakyClean.clean(SqueakyClean.java:6)
	at SqueakyClean.clean(SqueakyClean.java:6)
	at SqueakyClean.clean(SqueakyClean.java:6)
	at SqueakyClean.clean(SqueakyClean.java:6)
	at SqueakyClean.clean(SqueakyClean.java:6)
	at SqueakyClean.clean(SqueakyClean.java:6)
	at SqueakyClean.clean(SqueakyClean.java:6)
	at SqueakyClean.clean(SqueakyClean.java:6)
	at SqueakyClean.clean(SqueakyClean.java:6)
	at SqueakyClean.clean(SqueakyClean.java:6)
	at SqueakyClean.clean(SqueakyClean.java:6)
	at SqueakyClean.clean(SqueakyClean.java:6)
	at SqueakyClean.clean(SqueakyClean.java:6)
	at SqueakyClean.clean(SqueakyClean.java:6)
	at SqueakyClean.clean(SqueakyClean.java:6)
	at SqueakyClean.clean(SqueakyClean.java:6)
	at SqueakyClean.clean(SqueakyClean.java:6)
	at SqueakyClean.clean(SqueakyClean.java:6)
	at SqueakyClean.clean(SqueakyClean.java:6)
	at SqueakyClean.clean(SqueakyClean.java:6)
	at SqueakyClean.clean(SqueakyClean.java:6)
	at SqueakyClean.clean(SqueakyClean.java:6)
	at SqueakyClean.clean(SqueakyClean.java:6)
	at SqueakyClean.clean(SqueakyClean.java:6)
	at SqueakyClean.clean(SqueakyClean.java:6)
	at SqueakyClean.clean(SqueakyClean.java:6)
	at SqueakyClean.clean(SqueakyClean.java:6)
	at SqueakyClean.clean(SqueakyClean.java:6)
	at SqueakyClean.clean(SqueakyClean.java:6)
	at SqueakyClean.clean(SqueakyClean.java:6)
	at SqueakyClean.clean(SqueakyClean.java:6)
	at SqueakyClean.clean(SqueakyClean.java:6)
	at SqueakyClean.clean(SqueakyClean.java:6)
	at SqueakyClean.clean(SqueakyClean.java:6)
	at SqueakyClean.clean(SqueakyClean.java:6)
	at SqueakyClean.clean(SqueakyClean.java:6)
	at SqueakyClean.clean(SqueakyClean.java:6)
	at SqueakyClean.clean(SqueakyClean.java:6)
	at SqueakyClean.clean(SqueakyClean.java:6)
	at SqueakyClean.clean(SqueakyClean.java:6)
	at SqueakyClean.clean(SqueakyClean.java:6)
	at SqueakyClean.clean(SqueakyClean.java:6)
	at SqueakyClean.clean(SqueakyClean.java:6)
	at SqueakyClean.clean(SqueakyClean.java:6)
	at SqueakyClean.clean(SqueakyClean.java:6)
	at SqueakyClean.clean(SqueakyClean.java:6)
	at SqueakyClean.clean(SqueakyClean.java:6)
	at SqueakyClean.clean(SqueakyClean.java:6)
	at SqueakyClean.clean(SqueakyClean.java:6)
	at SqueakyClean.clean(SqueakyClean.java:6)
	at SqueakyClean.clean(SqueakyClean.java:6)
	at SqueakyClean.clean(SqueakyClean.java:6)
	at SqueakyClean.clean(SqueakyClean.java:6)
	at SqueakyClean.clean(SqueakyClean.java:6)
	at SqueakyClean.clean(SqueakyClean.java:6)
	at SqueakyClean.clean(SqueakyClean.java:6)
	at SqueakyClean.clean(SqueakyClean.java:6)
	at SqueakyClean.clean(SqueakyClean.java:6)
	at SqueakyClean.clean(SqueakyClean.java:6)
	at SqueakyClean.clean(SqueakyClean.java:6)
	at SqueakyClean.clean(SqueakyClean.java:6)
	at SqueakyClean.clean(SqueakyClean.java:6)
	at SqueakyClean.clean(SqueakyClean.java:6)
	at SqueakyClean.clean(SqueakyClean.java:6)
	at SqueakyClean.clean(SqueakyClean.java:6)
	at SqueakyClean.clean(SqueakyClean.java:6)
	at SqueakyClean.clean(SqueakyClean.java:6)
	at SqueakyClean.clean(SqueakyClean.java:6)
	at SqueakyClean.clean(SqueakyClean.java:6)
	at SqueakyClean.clean(SqueakyClean.java:6)
	at SqueakyClean.clean(SqueakyClean.java:6)
	at SqueakyClean.clean(SqueakyClean.java:6)
	at SqueakyClean.clean(SqueakyClean.java:6)
	at SqueakyClean.clean(SqueakyClean.java:6)
	at SqueakyClean.clean(SqueakyClean.java:6)
	at SqueakyClean.clean(SqueakyClean.java:6)
	at SqueakyClean.clean(SqueakyClean.java:6)
	at SqueakyClean.clean(SqueakyClean.java:6)
	at SqueakyClean.clean(SqueakyClean.java:6)
	at SqueakyClean.clean(SqueakyClean.java:6)
	at SqueakyClean.clean(SqueakyClean.java:6)
	at SqueakyClean.clean(SqueakyClean.java:6)
	at SqueakyClean.clean(SqueakyClean.java:6)
	at SqueakyClean.clean(SqueakyClean.java:6)
	at SqueakyClean.clean(SqueakyClean.java:6)
	at SqueakyClean.clean(SqueakyClean.java:6)
	at SqueakyClean.clean(SqueakyClean.java:6)
	at SqueakyClean.clean(SqueakyClean.java:6)
	at SqueakyClean.clean(SqueakyClean.java:6)
	at SqueakyClean.clean(SqueakyClean.java:6)
	at SqueakyClean.clean(SqueakyClean.java:6)
	at SqueakyClean.clean(SqueakyClean.java:6)
	at SqueakyClean.clean(SqueakyClean.java:6)
	at SqueakyClean.clean(SqueakyClean.java:6)
	at SqueakyClean.clean(SqueakyClean.java:6)
	at SqueakyClean.clean(SqueakyClean.java:6)
	at SqueakyClean.clean(SqueakyClean.java:6)
	at SqueakyClean.clean(SqueakyClean.java:6)
	at SqueakyClean.clean(SqueakyClean.java:6)
	at SqueakyClean.clean(SqueakyClean.java:6)
	at SqueakyClean.clean(SqueakyClean.java:6)
	at SqueakyClean.clean(SqueakyClean.java:6)
	at SqueakyClean.clean(SqueakyClean.java:6)
	at SqueakyClean.clean(SqueakyClean.java:6)
	at SqueakyClean.clean(SqueakyClean.java:6)
	at SqueakyClean.clean(SqueakyClean.java:6)
	at SqueakyClean.clean(SqueakyClean.java:6)
	at SqueakyClean.clean(SqueakyClean.java:6)
	at SqueakyClean.clean(SqueakyClean.java:6)
	at SqueakyClean.clean(SqueakyClean.java:6)
	at SqueakyClean.clean(SqueakyClean.java:6)
	at SqueakyClean.clean(SqueakyClean.java:6)
	at SqueakyClean.clean(SqueakyClean.java:6)
	at SqueakyClean.clean(SqueakyClean.java:6)
	at SqueakyClean.clean(SqueakyClean.java:6)
	at SqueakyClean.clean(SqueakyClean.java:6)
	at SqueakyClean.clean(SqueakyClean.java:6)
	at SqueakyClean.clean(SqueakyClean.java:6)
	at SqueakyClean.clean(SqueakyClean.java:6)
	at SqueakyClean.clean(SqueakyClean.java:6)
	at SqueakyClean.clean(SqueakyClean.java:6)
	at SqueakyClean.clean(SqueakyClean.java:6)
	at SqueakyClean.clean(SqueakyClean.java:6)
	at SqueakyClean.clean(SqueakyClean.java:6)
	at SqueakyClean.clean(SqueakyClean.java:6)
	at SqueakyClean.clean(SqueakyClean.java:6)
	at SqueakyClean.clean(SqueakyClean.java:6)
	at SqueakyClean.clean(SqueakyClean.java:6)
	at SqueakyClean.clean(SqueakyClean.java:6)
	at SqueakyClean.clean(SqueakyClean.java:6)
	at SqueakyClean.clean(SqueakyClean.java:6)
	at SqueakyClean.clean(SqueakyClean.java:6)
	at SqueakyClean.clean(SqueakyClean.java:6)
	at SqueakyClean.clean(SqueakyClean.java:6)
	at SqueakyClean.clean(SqueakyClean.java:6)
	at SqueakyClean.clean(SqueakyClean.java:6)
	at SqueakyClean.clean(SqueakyClean.java:6)
	at SqueakyClean.clean(SqueakyClean.java:6)
	at SqueakyClean.clean(SqueakyClean.java:6)
	at SqueakyClean.clean(SqueakyClean.java:6)
	at SqueakyClean.clean(SqueakyClean.java:6)
	at SqueakyClean.clean(SqueakyClean.java:6)
	at SqueakyClean.clean(SqueakyClean.java:6)
	at SqueakyClean.clean(SqueakyClean.java:6)
	at SqueakyClean.clean(SqueakyClean.java:6)
	at SqueakyClean.clean(SqueakyClean.java:6)
	at SqueakyClean.clean(SqueakyClean.java:6)
	at SqueakyClean.clean(SqueakyClean.java:6)
	at SqueakyClean.clean(SqueakyClean.java:6)
	at SqueakyClean.clean(SqueakyClean.java:6)
	at SqueakyClean.clean(SqueakyClean.java:6)
	at SqueakyClean.clean(SqueakyClean.java:6)
	at SqueakyClean.clean(SqueakyClean.java:6)
	at SqueakyClean.clean(SqueakyClean.java:6)
	at SqueakyClean.clean(SqueakyClean.java:6)
	at SqueakyClean.clean(SqueakyClean.java:6)
	at SqueakyClean.clean(SqueakyClean.java:6)
	at SqueakyClean.clean(SqueakyClean.java:6)
	at SqueakyClean.clean(SqueakyClean.java:6)
	at SqueakyClean.clean(SqueakyClean.java:6)
	at SqueakyClean.clean(SqueakyClean.java:6)
	at SqueakyClean.clean(SqueakyClean.java:6)
	at SqueakyClean.clean(SqueakyClean.java:6)
	at SqueakyClean.clean(SqueakyClean.java:6)
	at SqueakyClean.clean(SqueakyClean.java:6)
	at SqueakyClean.clean(SqueakyClean.java:6)
	at SqueakyClean.clean(SqueakyClean.java:6)
	at SqueakyClean.clean(SqueakyClean.java:6)
	at SqueakyClean.clean(SqueakyClean.java:6)
	at SqueakyClean.clean(SqueakyClean.java:6)
	at SqueakyClean.clean(SqueakyClean.java:6)
	at SqueakyClean.clean(SqueakyClean.java:6)
	at SqueakyClean.clean(SqueakyClean.java:6)
	at SqueakyClean.clean(SqueakyClean.java:6)
	at SqueakyClean.clean(SqueakyClean.java:6)
	at SqueakyClean.clean(SqueakyClean.java:6)
	at SqueakyClean.clean(SqueakyClean.java:6)
	at SqueakyClean.clean(SqueakyClean.java:6)
	at SqueakyClean.clean(SqueakyClean.java:6)
	at SqueakyClean.clean(SqueakyClean.java:6)
	at SqueakyClean.clean(SqueakyClean.java:6)
	at SqueakyClean.clean(SqueakyClean.java:6)
	at SqueakyClean.clean(SqueakyClean.java:6)
	at SqueakyClean.clean(SqueakyClean.java:6)
	at SqueakyClean.clean(SqueakyClean.java:6)
	at SqueakyClean.clean(SqueakyClean.java:6)
	at SqueakyClean.clean(SqueakyClean.java:6)
	at SqueakyClean.clean(SqueakyClean.java:6)
	at SqueakyClean.clean(SqueakyClean.java:6)
	at SqueakyClean.clean(SqueakyClean.java:6)
	at SqueakyClean.clean(SqueakyClean.java:6)
	at SqueakyClean.clean(SqueakyClean.java:6)
	at SqueakyClean.clean(SqueakyClean.java:6)
	at SqueakyClean.clean(SqueakyClean.java:6)
	at SqueakyClean.clean(SqueakyClean.java:6)
	at SqueakyClean.clean(SqueakyClean.java:6)
	at SqueakyClean.clean(SqueakyClean.java:6)
	at SqueakyClean.clean(SqueakyClean.java:6)
	at SqueakyClean.clean(SqueakyClean.java:6)
	at SqueakyClean.clean(SqueakyClean.java:6)
	at SqueakyClean.clean(SqueakyClean.java:6)
	at SqueakyClean.clean(SqueakyClean.java:6)
	at SqueakyClean.clean(SqueakyClean.java:6)
	at SqueakyClean.clean(SqueakyClean.java:6)
	at SqueakyClean.clean(SqueakyClean.java:6)
	at SqueakyClean.clean(SqueakyClean.java:6)
	at SqueakyClean.clean(SqueakyClean.java:6)
	at SqueakyClean.clean(SqueakyClean.java:6)
	at SqueakyClean.clean(SqueakyClean.java:6)
	at SqueakyClean.clean(SqueakyClean.java:6)
	at SqueakyClean.clean(SqueakyClean.java:6)
	at SqueakyClean.clean(SqueakyClean.java:6)
	at SqueakyClean.clean(SqueakyClean.java:6)
	at SqueakyClean.clean(SqueakyClean.java:6)
	at SqueakyClean.clean(SqueakyClean.java:6)
	at SqueakyClean.clean(SqueakyClean.java:6)
	at SqueakyClean.clean(SqueakyClean.java:6)
	at SqueakyClean.clean(SqueakyClean.java:6)
	at SqueakyClean.clean(SqueakyClean.java:6)
	at SqueakyClean.clean(SqueakyClean.java:6)
	at SqueakyClean.clean(SqueakyClean.java:6)
	at SqueakyClean.clean(SqueakyClean.java:6)
	at SqueakyClean.clean(SqueakyClean.java:6)
	at SqueakyClean.clean(SqueakyClean.java:6)
	at SqueakyClean.clean(SqueakyClean.java:6)
	at SqueakyClean.clean(SqueakyClean.java:6)
	at SqueakyClean.clean(SqueakyClean.java:6)
	at SqueakyClean.clean(SqueakyClean.java:6)
	at SqueakyClean.clean(SqueakyClean.java:6)
	at SqueakyClean.clean(SqueakyClean.java:6)
	at SqueakyClean.clean(SqueakyClean.java:6)
	at SqueakyClean.clean(SqueakyClean.java:6)
	at SqueakyClean.clean(SqueakyClean.java:6)
	at SqueakyClean.clean(SqueakyClean.java:6)
	at SqueakyClean.clean(SqueakyClean.java:6)
	at SqueakyClean.clean(SqueakyClean.java:6)
	at SqueakyClean.clean(SqueakyClean.java:6)
	at SqueakyClean.clean(SqueakyClean.java:6)
	at SqueakyClean.clean(SqueakyClean.java:6)
	at SqueakyClean.clean(SqueakyClean.java:6)
	at SqueakyClean.clean(SqueakyClean.java:6)
	at SqueakyClean.clean(SqueakyClean.java:6)
	at SqueakyClean.clean(SqueakyClean.java:6)
	at SqueakyClean.clean(SqueakyClean.java:6)
	at SqueakyClean.clean(SqueakyClean.java:6)
	at SqueakyClean.clean(SqueakyClean.java:6)
	at SqueakyClean.clean(SqueakyClean.java:6)
	at SqueakyClean.clean(SqueakyClean.java:6)
	at SqueakyClean.clean(SqueakyClean.java:6)
	at SqueakyClean.clean(SqueakyClean.java:6)
	at SqueakyClean.clean(SqueakyClean.java:6)
	at SqueakyClean.clean(SqueakyClean.java:6)
	at SqueakyClean.clean(SqueakyClean.java:6)
	at SqueakyClean.clean(SqueakyClean.java:6)
	at SqueakyClean.clean(SqueakyClean.java:6)
	at SqueakyClean.clean(SqueakyClean.java:6)
	at SqueakyClean.clean(SqueakyClean.java:6)
	at SqueakyClean.clean(SqueakyClean.java:6)
	at SqueakyClean.clean(SqueakyClean.java:6)
	at SqueakyClean.clean(SqueakyClean.java:6)
	at SqueakyClean.clean(SqueakyClean.java:6)
	at SqueakyClean.clean(SqueakyClean.java:6)
	at SqueakyClean.clean(SqueakyClean.java:6)
	at SqueakyClean.clean(SqueakyClean.java:6)
	at SqueakyClean.clean(SqueakyClean.java:6)
	at SqueakyClean.clean(SqueakyClean.java:6)
	at SqueakyClean.clean(SqueakyClean.java:6)
	at SqueakyClean.clean(SqueakyClean.java:6)
	at SqueakyClean.clean(SqueakyClean.java:6)
	at SqueakyClean.clean(SqueakyClean.java:6)
	at SqueakyClean.clean(SqueakyClean.java:6)
	at SqueakyClean.clean(SqueakyClean.java:6)
	at SqueakyClean.clean(SqueakyClean.java:6)
	at SqueakyClean.clean(SqueakyClean.java:6)
	at SqueakyClean.clean(SqueakyClean.java:6)
	at SqueakyClean.clean(SqueakyClean.java:6)
	at SqueakyClean.clean(SqueakyClean.java:6)
	at SqueakyClean.clean(SqueakyClean.java:6)
	at SqueakyClean.clean(SqueakyClean.java:6)
	at SqueakyClean.clean(SqueakyClean.java:6)
	at SqueakyClean.clean(SqueakyClean.java:6)
	at SqueakyClean.clean(SqueakyClean.java:6)
	at SqueakyClean.clean(SqueakyClean.java:6)
	at SqueakyClean.clean(SqueakyClean.java:6)
	at SqueakyClean.clean(SqueakyClean.java:6)
	at SqueakyClean.clean(SqueakyClean.java:6)
	at SqueakyClean.clean(SqueakyClean.java:6)
	at SqueakyClean.clean(SqueakyClean.java:6)
	at SqueakyClean.clean(SqueakyClean.java:6)
	at SqueakyClean.clean(SqueakyClean.java:6)
	at SqueakyClean.clean(SqueakyClean.java:6)
	at SqueakyClean.clean(SqueakyClean.java:6)
	at SqueakyClean.clean(SqueakyClean.java:6)
	at SqueakyClean.clean(SqueakyClean.java:6)
	at SqueakyClean.clean(SqueakyClean.java:6)
	at SqueakyClean.clean(SqueakyClean.java:6)
	at SqueakyClean.clean(SqueakyClean.java:6)
	at SqueakyClean.clean(SqueakyClean.java:6)
	at SqueakyClean.clean(SqueakyClean.java:6)
	at SqueakyClean.clean(SqueakyClean.java:6)
	at SqueakyClean.clean(SqueakyClean.java:6)
	at SqueakyClean.clean(SqueakyClean.java:6)
	at SqueakyClean.clean(SqueakyClean.java:6)
	at SqueakyClean.clean(SqueakyClean.java:6)
	at SqueakyClean.clean(SqueakyClean.java:6)
	at SqueakyClean.clean(SqueakyClean.java:6)
	at SqueakyClean.clean(SqueakyClean.java:6)
	at SqueakyClean.clean(SqueakyClean.java:6)
	at SqueakyClean.clean(SqueakyClean.java:6)
	at SqueakyClean.clean(SqueakyClean.java:6)
	at SqueakyClean.clean(SqueakyClean.java:6)
	at SqueakyClean.clean(SqueakyClean.java:6)
	at SqueakyClean.clean(SqueakyClean.java:6)
	at SqueakyClean.clean(SqueakyClean.java:6)
	at SqueakyClean.clean(SqueakyClean.java:6)
	at SqueakyClean.clean(SqueakyClean.java:6)
	at SqueakyClean.clean(SqueakyClean.java:6)
	at SqueakyClean.clean(SqueakyClean.java:6)
	at SqueakyClean.clean(SqueakyClean.java:6)
	at SqueakyClean.clean(SqueakyClean.java:6)
	at SqueakyClean.clean(SqueakyClean.java:6)
	at SqueakyClean.clean(SqueakyClean.java:6)
	at SqueakyClean.clean(SqueakyClean.java:6)
	at SqueakyClean.clean(SqueakyClean.java:6)
	at SqueakyClean.clean(SqueakyClean.java:6)
	at SqueakyClean.clean(SqueakyClean.java:6)
	at SqueakyClean.clean(SqueakyClean.java:6)
	at SqueakyClean.clean(SqueakyClean.java:6)
	at SqueakyClean.clean(SqueakyClean.java:6)
	at SqueakyClean.clean(SqueakyClean.java:6)
	at SqueakyClean.clean(SqueakyClean.java:6)
	at SqueakyClean.clean(SqueakyClean.java:6)
	at SqueakyClean.clean(SqueakyClean.java:6)
	at SqueakyClean.clean(SqueakyClean.java:6)
	at SqueakyClean.clean(SqueakyClean.java:6)
	at SqueakyClean.clean(SqueakyClean.java:6)
	at SqueakyClean.clean(SqueakyClean.java:6)
	at SqueakyClean.clean(SqueakyClean.java:6)
	at SqueakyClean.clean(SqueakyClean.java:6)
	at SqueakyClean.clean(SqueakyClean.java:6)
	at SqueakyClean.clean(SqueakyClean.java:6)
	at SqueakyClean.clean(SqueakyClean.java:6)
	at SqueakyClean.clean(SqueakyClean.java:6)
	at SqueakyClean.clean(SqueakyClean.java:6)
	at SqueakyClean.clean(SqueakyClean.java:6)
	at SqueakyClean.clean(SqueakyClean.java:6)
	at SqueakyClean.clean(SqueakyClean.java:6)
	at SqueakyClean.clean(SqueakyClean.java:6)
	at SqueakyClean.clean(SqueakyClean.java:6)
	at SqueakyClean.clean(SqueakyClean.java:6)
	at SqueakyClean.clean(SqueakyClean.java:6)
	at SqueakyClean.clean(SqueakyClean.java:6)
	at SqueakyClean.clean(SqueakyClean.java:6)
	at SqueakyClean.clean(SqueakyClean.java:6)
	at SqueakyClean.clean(SqueakyClean.java:6)
	at SqueakyClean.clean(SqueakyClean.java:6)
	at SqueakyClean.clean(SqueakyClean.java:6)
	at SqueakyClean.clean(SqueakyClean.java:6)
	at SqueakyClean.clean(SqueakyClean.java:6)
	at SqueakyClean.clean(SqueakyClean.java:6)
	at SqueakyClean.clean(SqueakyClean.java:6)
	at SqueakyClean.clean(SqueakyClean.java:6)
	at SqueakyClean.clean(SqueakyClean.java:6)
	at SqueakyClean.clean(SqueakyClean.java:6)
	at SqueakyClean.clean(SqueakyClean.java:6)
	at SqueakyClean.clean(SqueakyClean.java:6)
	at SqueakyClean.clean(SqueakyClean.java:6)
	at SqueakyClean.clean(SqueakyClean.java:6)
	at SqueakyClean.clean(SqueakyClean.java:6)
	at SqueakyClean.clean(SqueakyClean.java:6)
	at SqueakyClean.clean(SqueakyClean.java:6)
	at SqueakyClean.clean(SqueakyClean.java:6)
	at SqueakyClean.clean(SqueakyClean.java:6)
	at SqueakyClean.clean(SqueakyClean.java:6)
	at SqueakyClean.clean(SqueakyClean.java:6)
	at SqueakyClean.clean(SqueakyClean.java:6)
	at SqueakyClean.clean(SqueakyClean.java:6)
	at SqueakyClean.clean(SqueakyClean.java:6)
	at SqueakyClean.clean(SqueakyClean.java:6)
	at SqueakyClean.clean(SqueakyClean.java:6)
	at SqueakyClean.clean(SqueakyClean.java:6)
	at SqueakyClean.clean(SqueakyClean.java:6)
	at SqueakyClean.clean(SqueakyClean.java:6)
	at SqueakyClean.clean(SqueakyClean.java:6)
	at SqueakyClean.clean(SqueakyClean.java:6)
	at SqueakyClean.clean(SqueakyClean.java:6)
	at SqueakyClean.clean(SqueakyClean.java:6)
	at SqueakyClean.clean(SqueakyClean.java:6)
	at SqueakyClean.clean(SqueakyClean.java:6)
	at SqueakyClean.clean(SqueakyClean.java:6)
	at SqueakyClean.clean(SqueakyClean.java:6)
	at SqueakyClean.clean(SqueakyClean.java:6)
[...]
	at SqueakyClean.clean(SqueakyClean.java:6)
	at SqueakyClean.clean(SqueakyClean.java:6)
	at SqueakyClean.clean(SqueakyClean.java:6)
	at SqueakyClean.clean(SqueakyClean.java:6)
	at SqueakyClean.clean(SqueakyClean.java:6)
	at SqueakyClean.clean(SqueakyClean.java:6)
	at SqueakyClean.clean(SqueakyClean.java:6)
	at SqueakyClean.clean(SqueakyClean.java:6)
	at SqueakyClean.clean(SqueakyClean.java:6)
	at SqueakyClean.clean(SqueakyClean.java:6)
	at SqueakyClean.clean(SqueakyClean.java:6)
	at SqueakyClean.clean(SqueakyClean.java:6)
	at SqueakyClean.clean(SqueakyClean.java:6)
	at SqueakyClean.clean(SqueakyClean.java:6)
	at SqueakyClean.clean(SqueakyClean.java:6)
	at SqueakyClean.clean(SqueakyClean.java:6)
	at SqueakyClean.clean(SqueakyClean.java:6)
	at SqueakyClean.clean(SqueakyClean.java:6)
	at SqueakyClean.clean(SqueakyClean.java:6)
	at SqueakyClean.clean(SqueakyClean.java:6)
	at SqueakyClean.clean(SqueakyClean.java:6)
	at SqueakyClean.clean(SqueakyClean.java:6)
	at SqueakyClean.clean(SqueakyClean.java:6)
	at SqueakyClean.clean(SqueakyClean.java:6)
	at SqueakyClean.clean(SqueakyClean.java:6)
	at SqueakyClean.clean(SqueakyClean.java:6)
	at SqueakyClean.clean(SqueakyClean.java:6)
	at SqueakyClean.clean(SqueakyClean.java:6)
	at SqueakyClean.clean(SqueakyClean.java:6)
	at SqueakyClean.clean(SqueakyClean.java:6)
	at SqueakyClean.clean(SqueakyClean.java:6)
	at SqueakyClean.clean(SqueakyClean.java:6)
	at SqueakyClean.clean(SqueakyClean.java:6)
	at SqueakyClean.clean(SqueakyClean.java:6)
	at SqueakyClean.clean(SqueakyClean.java:6)
	at SqueakyClean.clean(SqueakyClean.java:6)
	at SqueakyClean.clean(SqueakyClean.java:6)
	at SqueakyClean.clean(SqueakyClean.java:6)
	at SqueakyClean.clean(SqueakyClean.java:6)
	at SqueakyClean.clean(SqueakyClean.java:6)
	at SqueakyClean.clean(SqueakyClean.java:6)
	at SqueakyClean.clean(SqueakyClean.java:6)
	at SqueakyClean.clean(SqueakyClean.java:6)
	at SqueakyClean.clean(SqueakyClean.java:6)
	at SqueakyClean.clean(SqueakyClean.java:6)
	at SqueakyClean.clean(SqueakyClean.java:6)
	at SqueakyClean.clean(SqueakyClean.java:6)
	at SqueakyClean.clean(SqueakyClean.java:6)
	at SqueakyClean.clean(SqueakyClean.java:6)
	at SqueakyClean.clean(SqueakyClean.java:6)
	at SqueakyClean.clean(SqueakyClean.java:6)
	at SqueakyClean.clean(SqueakyClean.java:6)
	at SqueakyClean.clean(SqueakyClean.java:6)
	at SqueakyClean.clean(SqueakyClean.java:6)
	at SqueakyClean.clean(SqueakyClean.java:6)
	at SqueakyClean.clean(SqueakyClean.java:6)
	at SqueakyClean.clean(SqueakyClean.java:6)
	at SqueakyClean.clean(SqueakyClean.java:6)
	at SqueakyClean.clean(SqueakyClean.java:6)
	at SqueakyClean.clean(SqueakyClean.java:6)
	at SqueakyClean.clean(SqueakyClean.java:6)
	at SqueakyClean.clean(SqueakyClean.java:6)
	at SqueakyClean.clean(SqueakyClean.java:6)
	at SqueakyClean.clean(SqueakyClean.java:6)
	at SqueakyClean.clean(SqueakyClean.java:6)
	at SqueakyClean.clean(SqueakyClean.java:6)
	at SqueakyClean.clean(SqueakyClean.java:6)
	at SqueakyClean.clean(SqueakyClean.java:6)
	at SqueakyClean.clean(SqueakyClean.java:6)
	at SqueakyClean.clean(SqueakyClean.java:6)
	at SqueakyClean.clean(SqueakyClean.java:6)
	at SqueakyClean.clean(SqueakyClean.java:6)
	at SqueakyClean.clean(SqueakyClean.java:6)
	at SqueakyClean.clean(SqueakyClean.java:6)
	at SqueakyClean.clean(SqueakyClean.java:6)
	at SqueakyClean.clean(SqueakyClean.java:6)
	at SqueakyClean.clean(SqueakyClean.java:6)
	at SqueakyClean.clean(SqueakyClean.java:6)
	at SqueakyClean.clean(SqueakyClean.java:6)
	at SqueakyClean.clean(SqueakyClean.java:6)
	at SqueakyClean.clean(SqueakyClean.java:6)
	at SqueakyClean.clean(SqueakyClean.java:6)
	at SqueakyClean.clean(SqueakyClean.java:6)
	at SqueakyClean.clean(SqueakyClean.java:6)
	at SqueakyClean.clean(SqueakyClean.java:6)
	at SqueakyClean.clean(SqueakyClean.java:6)
	at SqueakyClean.clean(SqueakyClean.java:6)
	at SqueakyClean.clean(SqueakyClean.java:6)
	at SqueakyClean.clean(SqueakyClean.java:6)
	at SqueakyClean.clean(SqueakyClean.java:6)
	at SqueakyClean.clean(SqueakyClean.java:6)
	at SqueakyClean.clean(SqueakyClean.java:6)
	at SqueakyClean.clean(SqueakyClean.java:6)
	at SqueakyClean.clean(SqueakyClean.java:6)
	at SqueakyClean.clean(SqueakyClean.java:6)
	at SqueakyClean.clean(SqueakyClean.java:6)
	at SqueakyClean.clean(SqueakyClean.java:6)
	at SqueakyClean.clean(SqueakyClean.java:6)
	at SqueakyClean.clean(SqueakyClean.java:6)
	at SqueakyClean.clean(SqueakyClean.java:6)
	at SqueakyClean.clean(SqueakyClean.java:6)
	at SqueakyClean.clean(SqueakyClean.java:6)
	at SqueakyClean.clean(SqueakyClean.java:6)
	at SqueakyClean.clean(SqueakyClean.java:6)
	at SqueakyClean.clean(SqueakyClean.java:6)
	at SqueakyClean.clean(SqueakyClean.java:6)
	at SqueakyClean.clean(SqueakyClean.java:6)
	at SqueakyClean.clean(SqueakyClean.java:6)
	at SqueakyClean.clean(SqueakyClean.java:6)
	at SqueakyClean.clean(SqueakyClean.java:6)
	at SqueakyClean.clean(SqueakyClean.java:6)
	at SqueakyClean.clean(SqueakyClean.java:6)
	at SqueakyClean.clean(SqueakyClean.java:6)
	at SqueakyClean.clean(SqueakyClean.java:6)
	at SqueakyClean.clean(SqueakyClean.java:6)
	at SqueakyClean.clean(SqueakyClean.java:6)
	at SqueakyClean.clean(SqueakyClean.java:6)
	at SqueakyClean.clean(SqueakyClean.java:6)
	at SqueakyClean.clean(SqueakyClean.java:6)
	at SqueakyClean.clean(SqueakyClean.java:6)
	at SqueakyClean.clean(SqueakyClean.java:6)
	at SqueakyClean.clean(SqueakyClean.java:6)
	at SqueakyClean.clean(SqueakyClean.java:6)
	at SqueakyClean.clean(SqueakyClean.java:6)
	at SqueakyClean.clean(SqueakyClean.java:6)
	at SqueakyClean.clean(SqueakyClean.java:6)
	at SqueakyClean.clean(SqueakyClean.java:6)
	at SqueakyClean.clean(SqueakyClean.java:6)
	at SqueakyClean.clean(SqueakyClean.java:6)
	at SqueakyClean.clean(SqueakyClean.java:6)
	at SqueakyClean.clean(SqueakyClean.java:6)
	at SqueakyClean.clean(SqueakyClean.java:6)
	at SqueakyClean.clean(SqueakyClean.java:6)
	at SqueakyClean.clean(SqueakyClean.java:6)
	at SqueakyClean.clean(SqueakyClean.java:6)
	at SqueakyClean.clean(SqueakyClean.java:6)
	at SqueakyClean.clean(SqueakyClean.java:6)
	at SqueakyClean.clean(SqueakyClean.java:6)
	at SqueakyClean.clean(SqueakyClean.java:6)
	at SqueakyClean.clean(SqueakyClean.java:6)
	at SqueakyClean.clean(SqueakyClean.java:6)
	at SqueakyClean.clean(SqueakyClean.java:6)
	at SqueakyClean.clean(SqueakyClean.java:6)
	at SqueakyClean.clean(SqueakyClean.java:6)
	at SqueakyClean.clean(SqueakyClean.java:6)
	at SqueakyClean.clean(SqueakyClean.java:6)
	at SqueakyClean.clean(SqueakyClean.java:6)
	at SqueakyClean.clean(SqueakyClean.java:6)
	at SqueakyClean.clean(SqueakyClean.java:6)
	at SqueakyClean.clean(SqueakyClean.java:6)
	at SqueakyClean.clean(SqueakyClean.java:6)
	at SqueakyClean.clean(SqueakyClean.java:6)
	at SqueakyClean.clean(SqueakyClean.java:6)
	at SqueakyClean.clean(SqueakyClean.java:6)
	at SqueakyClean.clean(SqueakyClean.java:6)
	at SqueakyClean.clean(SqueakyClean.java:6)
	at SqueakyClean.clean(SqueakyClean.java:6)
	at SqueakyClean.clean(SqueakyClean.java:6)
	at SqueakyClean.clean(SqueakyClean.java:6)
	at SqueakyClean.clean(SqueakyClean.java:6)
	at SqueakyClean.clean(SqueakyClean.java:6)
	at SqueakyClean.clean(SqueakyClean.java:6)
	at SqueakyClean.clean(SqueakyClean.java:6)
	at SqueakyClean.clean(SqueakyClean.java:6)
	at SqueakyClean.clean(SqueakyClean.java:6)
	at SqueakyClean.clean(SqueakyClean.java:6)
	at SqueakyClean.clean(SqueakyClean.java:6)
	at SqueakyClean.clean(SqueakyClean.java:6)
	at SqueakyClean.clean(SqueakyClean.java:6)
	at SqueakyClean.clean(SqueakyClean.java:6)
	at SqueakyClean.clean(SqueakyClean.java:6)
	at SqueakyClean.clean(SqueakyClean.java:6)
	at SqueakyClean.clean(SqueakyClean.java:6)
	at SqueakyClean.clean(SqueakyClean.java:6)
	at SqueakyClean.clean(SqueakyClean.java:6)
	at SqueakyClean.clean(SqueakyClean.java:6)
	at SqueakyClean.clean(SqueakyClean.java:6)
	at SqueakyClean.clean(SqueakyClean.java:6)
	at SqueakyClean.clean(SqueakyClean.java:6)
	at SqueakyClean.clean(SqueakyClean.java:6)
	at SqueakyClean.clean(SqueakyClean.java:6)
	at SqueakyClean.clean(SqueakyClean.java:6)
	at SqueakyClean.clean(SqueakyClean.java:6)
	at SqueakyClean.clean(SqueakyClean.java:6)
	at SqueakyClean.clean(SqueakyClean.java:6)
	at SqueakyClean.clean(SqueakyClean.java:6)
	at SqueakyClean.clean(SqueakyClean.java:6)
	at SqueakyClean.clean(SqueakyClean.java:6)
	at SqueakyClean.clean(SqueakyClean.java:6)
	at SqueakyClean.clean(SqueakyClean.java:6)
	at SqueakyClean.clean(SqueakyClean.java:6)
	at SqueakyClean.clean(SqueakyClean.java:6)
	at SqueakyClean.clean(SqueakyClean.java:6)
	at SqueakyClean.clean(SqueakyClean.java:6)
	at SqueakyClean.clean(SqueakyClean.java:6)
	at SqueakyClean.clean(SqueakyClean.java:6)
	at SqueakyClean.clean(SqueakyClean.java:6)
	at SqueakyClean.clean(SqueakyClean.java:6)
	at SqueakyClean.clean(SqueakyClean.java:6)
	at SqueakyClean.clean(SqueakyClean.java:6)
	at SqueakyClean.clean(SqueakyClean.java:6)
	at SqueakyClean.clean(SqueakyClean.java:6)
	at SqueakyClean.clean(SqueakyClean.java:6)
	at SqueakyClean.clean(SqueakyClean.java:6)
	at SqueakyClean.clean(SqueakyClean.java:6)
	at SqueakyClean.clean(SqueakyClean.java:6)
	at SqueakyClean.clean(SqueakyClean.java:6)
	at SqueakyClean.clean(SqueakyClean.java:6)
	at SqueakyClean.clean(SqueakyClean.java:6)
	at SqueakyClean.clean(SqueakyClean.java:6)
	at SqueakyClean.clean(SqueakyClean.java:6)
	at SqueakyClean.clean(SqueakyClean.java:6)
	at SqueakyClean.clean(SqueakyClean.java:6)
	at SqueakyClean.clean(SqueakyClean.java:6)
	at SqueakyClean.clean(SqueakyClean.java:6)
	at SqueakyClean.clean(SqueakyClean.java:6)
	at SqueakyClean.clean(SqueakyClean.java:6)
	at SqueakyClean.clean(SqueakyClean.java:6)
	at SqueakyClean.clean(SqueakyClean.java:6)
	at SqueakyClean.clean(SqueakyClean.java:6)
	at SqueakyClean.clean(SqueakyClean.java:6)
	at SqueakyClean.clean(SqueakyClean.java:6)
	at SqueakyClean.clean(SqueakyClean.java:6)
	at SqueakyClean.clean(SqueakyClean.java:6)
	at SqueakyClean.clean(SqueakyClean.java:6)
	at SqueakyClean.clean(SqueakyClean.java:6)
	at SqueakyClean.clean(SqueakyClean.java:6)
	at SqueakyClean.clean(SqueakyClean.java:6)
	at SqueakyClean.clean(SqueakyClean.java:6)
	at SqueakyClean.clean(SqueakyClean.java:6)
	at SqueakyClean.clean(SqueakyClean.java:6)
	at SqueakyClean.clean(SqueakyClean.java:6)
	at SqueakyClean.clean(SqueakyClean.java:6)
	at SqueakyClean.clean(SqueakyClean.java:6)
	at SqueakyClean.clean(SqueakyClean.java:6)
	at SqueakyClean.clean(SqueakyClean.java:6)
	at SqueakyClean.clean(SqueakyClean.java:6)
	at SqueakyClean.clean(SqueakyClean.java:6)
	at SqueakyClean.clean(SqueakyClean.java:6)
	at SqueakyClean.clean(SqueakyClean.java:6)
	at SqueakyClean.clean(SqueakyClean.java:6)
	at SqueakyClean.clean(SqueakyClean.java:6)
	at SqueakyClean.clean(SqueakyClean.java:6)
	at SqueakyClean.clean(SqueakyClean.java:6)
	at SqueakyClean.clean(SqueakyClean.java:6)
	at SqueakyClean.clean(SqueakyClean.java:6)
	at SqueakyClean.clean(SqueakyClean.java:6)
	at SqueakyClean.clean(SqueakyClean.java:6)
	at SqueakyClean.clean(SqueakyClean.java:6)
	at SqueakyClean.clean(SqueakyClean.java:6)
	at SqueakyClean.clean(SqueakyClean.java:6)
	at SqueakyClean.clean(SqueakyClean.java:6)
	at SqueakyClean.clean(SqueakyClean.java:6)
	at SqueakyClean.clean(SqueakyClean.java:6)
	at SqueakyClean.clean(SqueakyClean.java:6)
	at SqueakyClean.clean(SqueakyClean.java:6)
	at SqueakyClean.clean(SqueakyClean.java:6)
	at SqueakyClean.clean(SqueakyClean.java:6)
	at SqueakyClean.clean(SqueakyClean.java:6)
	at SqueakyClean.clean(SqueakyClean.java:6)
	at SqueakyClean.clean(SqueakyClean.java:6)
	at SqueakyClean.clean(SqueakyClean.java:6)
	at SqueakyClean.clean(SqueakyClean.java:6)
	at SqueakyClean.clean(SqueakyClean.java:6)
	at SqueakyClean.clean(SqueakyClean.java:6)
	at SqueakyClean.clean(SqueakyClean.java:6)
	at SqueakyClean.clean(SqueakyClean.java:6)
	at SqueakyClean.clean(SqueakyClean.java:6)
	at SqueakyClean.clean(SqueakyClean.java:6)
	at SqueakyClean.clean(SqueakyClean.java:6)
	at SqueakyClean.clean(SqueakyClean.java:6)
	at SqueakyClean.clean(SqueakyClean.java:6)
	at SqueakyClean.clean(SqueakyClean.java:6)
	at SqueakyClean.clean(SqueakyClean.java:6)
	at SqueakyClean.clean(SqueakyClean.java:6)
	at SqueakyClean.clean(SqueakyClean.java:6)
	at SqueakyClean.clean(SqueakyClean.java:6)
	at SqueakyClean.clean(SqueakyClean.java:6)
	at SqueakyClean.clean(SqueakyClean.java:6)
	at SqueakyClean.clean(SqueakyClean.java:6)
	at SqueakyClean.clean(SqueakyClean.java:6)
	at SqueakyClean.clean(SqueakyClean.java:6)
	at SqueakyClean.clean(SqueakyClean.java:6)
	at SqueakyClean.clean(SqueakyClean.java:6)
	at SqueakyClean.clean(SqueakyClean.java:6)
	at SqueakyClean.clean(SqueakyClean.java:6)
	at SqueakyClean.clean(SqueakyClean.java:6)
	at SqueakyClean.clean(SqueakyClean.java:6)
	at SqueakyClean.clean(SqueakyClean.java:6)
	at SqueakyClean.clean(SqueakyClean.java:6)
	at SqueakyClean.clean(SqueakyClean.java:6)
	at SqueakyClean.clean(SqueakyClean.java:6)
	at SqueakyClean.clean(SqueakyClean.java:6)
	at SqueakyClean.clean(SqueakyClean.java:6)
	at SqueakyClean.clean(SqueakyClean.java:6)
	at SqueakyClean.clean(SqueakyClean.java:6)
	at SqueakyClean.clean(SqueakyClean.java:6)
	at SqueakyClean.clean(SqueakyClean.java:6)
	at SqueakyClean.clean(SqueakyClean.java:6)
	at SqueakyClean.clean(SqueakyClean.java:6)
	at SqueakyClean.clean(SqueakyClean.java:6)
	at SqueakyClean.clean(SqueakyClean.java:6)
	at SqueakyClean.clean(SqueakyClean.java:6)
	at SqueakyClean.clean(SqueakyClean.java:6)
	at SqueakyClean.clean(SqueakyClean.java:6)
	at SqueakyClean.clean(SqueakyClean.java:6)
	at SqueakyClean.clean(SqueakyClean.java:6)
	at SqueakyClean.clean(SqueakyClean.java:6)
	at SqueakyClean.clean(SqueakyClean.java:6)
	at SqueakyClean.clean(SqueakyClean.java:6)
	at SqueakyClean.clean(SqueakyClean.java:6)
	at SqueakyClean.clean(SqueakyClean.java:6)
	at SqueakyClean.clean(SqueakyClean.java:6)
	at SqueakyClean.clean(SqueakyClean.java:6)
	at SqueakyClean.clean(SqueakyClean.java:6)
	at SqueakyClean.clean(SqueakyClean.java:6)
	at SqueakyClean.clean(SqueakyClean.java:6)
	at SqueakyClean.clean(SqueakyClean.java:6)
	at SqueakyClean.clean(SqueakyClean.java:6)
	at SqueakyClean.clean(SqueakyClean.java:6)
	at SqueakyClean.clean(SqueakyClean.java:6)
	at SqueakyClean.clean(SqueakyClean.java:6)
	at SqueakyClean.clean(SqueakyClean.java:6)
	at SqueakyClean.clean(SqueakyClean.java:6)
	at SqueakyClean.clean(SqueakyClean.java:6)
	at SqueakyClean.clean(SqueakyClean.java:6)
	at SqueakyClean.clean(SqueakyClean.java:6)
	at SqueakyClean.clean(SqueakyClean.java:6)
	at SqueakyClean.clean(SqueakyClean.java:6)
	at SqueakyClean.clean(SqueakyClean.java:6)
	at SqueakyClean.clean(SqueakyClean.java:6)
	at SqueakyClean.clean(SqueakyClean.java:6)
	at SqueakyClean.clean(SqueakyClean.java:6)
	at SqueakyClean.clean(SqueakyClean.java:6)
	at SqueakyClean.clean(SqueakyClean.java:6)
	at SqueakyClean.clean(SqueakyClean.java:6)
	at SqueakyClean.clean(SqueakyClean.java:6)
	at SqueakyClean.clean(SqueakyClean.java:6)
	at SqueakyClean.clean(SqueakyClean.java:6)
	at SqueakyClean.clean(SqueakyClean.java:6)
	at SqueakyClean.clean(SqueakyClean.java:6)
	at SqueakyClean.clean(SqueakyClean.java:6)
	at SqueakyClean.clean(SqueakyClean.java:6)
	at SqueakyClean.clean(SqueakyClean.java:6)
	at SqueakyClean.clean(SqueakyClean.java:6)
	at SqueakyClean.clean(SqueakyClean.java:6)
	at SqueakyClean.clean(SqueakyClean.java:6)
	at SqueakyClean.clean(SqueakyClean.java:6)
	at SqueakyClean.clean(SqueakyClean.java:6)
	at SqueakyClean.clean(SqueakyClean.java:6)
	at SqueakyClean.clean(SqueakyClean.java:6)
	at SqueakyClean.clean(SqueakyClean.java:6)
	at SqueakyClean.clean(SqueakyClean.java:6)
	at SqueakyClean.clean(SqueakyClean.java:6)
	at SqueakyClean.clean(SqueakyClean.java:6)
	at SqueakyClean.clean(SqueakyClean.java:6)
	at SqueakyClean.clean(SqueakyClean.java:6)
	at SqueakyClean.clean(SqueakyClean.java:6)
	at SqueakyClean.clean(SqueakyClean.java:6)
	at SqueakyClean.clean(SqueakyClean.java:6)
	at SqueakyClean.clean(SqueakyClean.java:6)
	at SqueakyClean.clean(SqueakyClean.java:6)
	at SqueakyClean.clean(SqueakyClean.java:6)
	at SqueakyClean.clean(SqueakyClean.java:6)
	at SqueakyClean.clean(SqueakyClean.java:6)
	at SqueakyClean.clean(SqueakyClean.java:6)
	at SqueakyClean.clean(SqueakyClean.java:6)
	at SqueakyClean.clean(SqueakyClean.java:6)
	at SqueakyClean.clean(SqueakyClean.java:6)
	at SqueakyClean.clean(SqueakyClean.java:6)
	at SqueakyClean.clean(SqueakyClean.java:6)
	at SqueakyClean.clean(SqueakyClean.java:6)
	at SqueakyClean.clean(SqueakyClean.java:6)
	at SqueakyClean.clean(SqueakyClean.java:6)
	at SqueakyClean.clean(SqueakyClean.java:6)
	at SqueakyClean.clean(SqueakyClean.java:6)
	at SqueakyClean.clean(SqueakyClean.java:6)
	at SqueakyClean.clean(SqueakyClean.java:6)
	at SqueakyClean.clean(SqueakyClean.java:6)
	at SqueakyClean.clean(SqueakyClean.java:6)
	at SqueakyClean.clean(SqueakyClean.java:6)
	at SqueakyClean.clean(SqueakyClean.java:6)
	at SqueakyClean.clean(SqueakyClean.java:6)
	at SqueakyClean.clean(SqueakyClean.java:6)
	at SqueakyClean.clean(SqueakyClean.java:6)
	at SqueakyClean.clean(SqueakyClean.java:6)
	at SqueakyClean.clean(SqueakyClean.java:6)
	at SqueakyClean.clean(SqueakyClean.java:6)
	at SqueakyClean.clean(SqueakyClean.java:6)
	at SqueakyClean.clean(SqueakyClean.java:6)
	at SqueakyClean.clean(SqueakyClean.java:6)
	at SqueakyClean.clean(SqueakyClean.java:6)
	at SqueakyClean.clean(SqueakyClean.java:6)
	at SqueakyClean.clean(SqueakyClean.java:6)
	at SqueakyClean.clean(SqueakyClean.java:6)
	at SqueakyClean.clean(SqueakyClean.java:6)
	at SqueakyClean.clean(SqueakyClean.java:6)
	at SqueakyClean.clean(SqueakyClean.java:6)
	at SqueakyClean.clean(SqueakyClean.java:6)
	at SqueakyClean.clean(SqueakyClean.java:6)
	at SqueakyClean.clean(SqueakyClean.java:6)
	at SqueakyClean.clean(SqueakyClean.java:6)
	at SqueakyClean.clean(SqueakyClean.java:6)
	at SqueakyClean.clean(SqueakyClean.java:6)
	at SqueakyClean.clean(SqueakyClean.java:6)
	at SqueakyClean.clean(SqueakyClean.java:6)
	at SqueakyClean.clean(SqueakyClean.java:6)
	at SqueakyClean.clean(SqueakyClean.java:6)
	at SqueakyClean.clean(SqueakyClean.java:6)
	at SqueakyClean.clean(SqueakyClean.java:6)
	at SqueakyClean.clean(SqueakyClean.java:6)
	at SqueakyClean.clean(SqueakyClean.java:6)
	at SqueakyClean.clean(SqueakyClean.java:6)
	at SqueakyClean.clean(SqueakyClean.java:6)
	at SqueakyClean.clean(SqueakyClean.java:6)
	at SqueakyClean.clean(SqueakyClean.java:6)
	at SqueakyClean.clean(SqueakyClean.java:6)
	at SqueakyClean.clean(SqueakyClean.java:6)
	at SqueakyClean.clean(SqueakyClean.java:6)
	at SqueakyClean.clean(SqueakyClean.java:6)
	at SqueakyClean.clean(SqueakyClean.java:6)
	at SqueakyClean.clean(SqueakyClean.java:6)
	at SqueakyClean.clean(SqueakyClean.java:6)
	at SqueakyClean.clean(SqueakyClean.java:6)
	at SqueakyClean.clean(SqueakyClean.java:6)
	at SqueakyClean.clean(SqueakyClean.java:6)
	at SqueakyClean.clean(SqueakyClean.java:6)
	at SqueakyClean.clean(SqueakyClean.java:6)
	at SqueakyClean.clean(SqueakyClean.java:6)
	at SqueakyClean.clean(SqueakyClean.java:6)
	at SqueakyClean.clean(SqueakyClean.java:6)
	at SqueakyClean.clean(SqueakyClean.java:6)
	at SqueakyClean.clean(SqueakyClean.java:6)
	at SqueakyClean.clean(SqueakyClean.java:6)
	at SqueakyClean.clean(SqueakyClean.java:6)
	at SqueakyClean.clean(SqueakyClean.java:6)
	at SqueakyClean.clean(SqueakyClean.java:6)
	at SqueakyClean.clean(SqueakyClean.java:6)
	at SqueakyClean.clean(SqueakyClean.java:6)
	at SqueakyClean.clean(SqueakyClean.java:6)
	at SqueakyClean.clean(SqueakyClean.java:6)
	at SqueakyClean.clean(SqueakyClean.java:6)
	at SqueakyClean.clean(SqueakyClean.java:6)
	at SqueakyClean.clean(SqueakyClean.java:6)
	at SqueakyClean.clean(SqueakyClean.java:6)
	at SqueakyClean.clean(SqueakyClean.java:6)
	at SqueakyClean.clean(SqueakyClean.java:6)
	at SqueakyClean.clean(SqueakyClean.java:6)
	at SqueakyClean.clean(SqueakyClean.java:6)
	at SqueakyClean.clean(SqueakyClean.java:6)
	at SqueakyClean.clean(SqueakyClean.java:6)
</failure>
  </testcase>
  <system-out><![CDATA[]]></system-out>
  <system-err><![CDATA[]]></system-err>
</testsuite>
